<?xml version="1.0" encoding="UTF-8"?>
<testsuite name="com.nightscholar.bakery.accountaddress.AccountAddressMicroserviceApplicationTests" tests="1" skipped="0" failures="0" errors="0" timestamp="2018-09-16T18:55:12" hostname="TYREE-DESKTOP" time="0.071">
  <properties/>
  <testcase name="contextLoads" classname="com.nightscholar.bakery.accountaddress.AccountAddressMicroserviceApplicationTests" time="0.071"/>
  <system-out><![CDATA[13:55:05.787 [Test worker] DEBUG org.springframework.test.context.junit4.SpringJUnit4ClassRunner - SpringJUnit4ClassRunner constructor called with [class com.nightscholar.bakery.accountaddress.AccountAddressMicroserviceApplicationTests]
13:55:05.802 [Test worker] DEBUG org.springframework.test.context.BootstrapUtils - Instantiating CacheAwareContextLoaderDelegate from class [org.springframework.test.context.cache.DefaultCacheAwareContextLoaderDelegate]
13:55:05.802 [Test worker] DEBUG org.springframework.test.context.BootstrapUtils - Instantiating BootstrapContext using constructor [public org.springframework.test.context.support.DefaultBootstrapContext(java.lang.Class,org.springframework.test.context.CacheAwareContextLoaderDelegate)]
13:55:05.818 [Test worker] DEBUG org.springframework.test.context.BootstrapUtils - Instantiating TestContextBootstrapper for test class [com.nightscholar.bakery.accountaddress.AccountAddressMicroserviceApplicationTests] from class [org.springframework.boot.test.context.SpringBootTestContextBootstrapper]
13:55:05.834 [Test worker] INFO org.springframework.boot.test.context.SpringBootTestContextBootstrapper - Neither @ContextConfiguration nor @ContextHierarchy found for test class [com.nightscholar.bakery.accountaddress.AccountAddressMicroserviceApplicationTests], using SpringBootContextLoader
13:55:05.834 [Test worker] DEBUG org.springframework.test.context.support.AbstractContextLoader - Did not detect default resource location for test class [com.nightscholar.bakery.accountaddress.AccountAddressMicroserviceApplicationTests]: class path resource [com/nightscholar/bakery/accountaddress/AccountAddressMicroserviceApplicationTests-context.xml] does not exist
13:55:05.834 [Test worker] DEBUG org.springframework.test.context.support.AbstractContextLoader - Did not detect default resource location for test class [com.nightscholar.bakery.accountaddress.AccountAddressMicroserviceApplicationTests]: class path resource [com/nightscholar/bakery/accountaddress/AccountAddressMicroserviceApplicationTestsContext.groovy] does not exist
13:55:05.834 [Test worker] INFO org.springframework.test.context.support.AbstractContextLoader - Could not detect default resource locations for test class [com.nightscholar.bakery.accountaddress.AccountAddressMicroserviceApplicationTests]: no resource found for suffixes {-context.xml, Context.groovy}.
13:55:05.834 [Test worker] INFO org.springframework.test.context.support.AnnotationConfigContextLoaderUtils - Could not detect default configuration classes for test class [com.nightscholar.bakery.accountaddress.AccountAddressMicroserviceApplicationTests]: AccountAddressMicroserviceApplicationTests does not declare any static, non-private, non-final, nested classes annotated with @Configuration.
13:55:05.865 [Test worker] DEBUG org.springframework.test.context.support.ActiveProfilesUtils - Could not find an 'annotation declaring class' for annotation type [org.springframework.test.context.ActiveProfiles] and class [com.nightscholar.bakery.accountaddress.AccountAddressMicroserviceApplicationTests]
13:55:05.865 [Test worker] DEBUG org.springframework.core.env.StandardEnvironment - Adding PropertySource 'systemProperties' with lowest search precedence
13:55:05.865 [Test worker] DEBUG org.springframework.core.env.StandardEnvironment - Adding PropertySource 'systemEnvironment' with lowest search precedence
13:55:05.865 [Test worker] DEBUG org.springframework.core.env.StandardEnvironment - Initialized StandardEnvironment with PropertySources [MapPropertySource@740661649 {name='systemProperties', properties={sun.desktop=windows, awt.toolkit=sun.awt.windows.WToolkit, java.specification.version=10, file.encoding.pkg=sun.io, sun.cpu.isalist=amd64, sun.jnu.encoding=Cp1252, org.gradle.test.worker=9, java.class.path=C:\Users\tyree\.gradle\caches\4.8\workerMain\gradle-worker.jar;C:\Users\tyree\Documents\Programming Projects\Shawns Bakery\online-bakery\applications\account-address-microservice\build\classes\java\test;C:\Users\tyree\Documents\Programming Projects\Shawns Bakery\online-bakery\applications\account-address-microservice\build\resources\test;C:\Users\tyree\Documents\Programming Projects\Shawns Bakery\online-bakery\applications\account-address-microservice\build\classes\java\main;C:\Users\tyree\Documents\Programming Projects\Shawns Bakery\online-bakery\applications\account-address-microservice\build\resources\main;C:\Users\tyree\.gradle\caches\modules-2\files-2.1\org.springframework.cloud\spring-cloud-starter-netflix-eureka-server\2.0.1.RELEASE\42fa59d8024b064443f66070080ee3154f2d7c5a\spring-cloud-starter-netflix-eureka-server-2.0.1.RELEASE.jar;C:\Users\tyree\.gradle\caches\modules-2\files-2.1\org.springframework.cloud\spring-cloud-netflix-eureka-server\2.0.1.RELEASE\7b564eb028e611202a1df037bcb4c6ade66006dc\spring-cloud-netflix-eureka-server-2.0.1.RELEASE.jar;C:\Users\tyree\.gradle\caches\modules-2\files-2.1\org.springframework.cloud\spring-cloud-starter-oauth2\2.0.0.RELEASE\ec6647129bc1582ced9c1069130ac16e160a89bc\spring-cloud-starter-oauth2-2.0.0.RELEASE.jar;C:\Users\tyree\.gradle\caches\modules-2\files-2.1\org.springframework.cloud\spring-cloud-starter-security\2.0.0.RELEASE\78fc34a81d6b4b72ef497fe9c478a7931bb2f1dc\spring-cloud-starter-security-2.0.0.RELEASE.jar;C:\Users\tyree\.gradle\caches\modules-2\files-2.1\org.springframework.boot\spring-boot-starter-actuator\2.0.5.RELEASE\d5153c71f55aa39593fb6295790aad7cd81ef296\spring-boot-starter-actuator-2.0.5.RELEASE.jar;C:\Users\tyree\.gradle\caches\modules-2\files-2.1\org.springframework.boot\spring-boot-starter-data-jpa\2.0.5.RELEASE\c99b58e8ada11478aa5d0c3065745b7e887f094e\spring-boot-starter-data-jpa-2.0.5.RELEASE.jar;C:\Users\tyree\.gradle\caches\modules-2\files-2.1\org.springframework.boot\spring-boot-starter-jdbc\2.0.5.RELEASE\9a5370acc7c5e17f4a00578211fbbd212b9a8329\spring-boot-starter-jdbc-2.0.5.RELEASE.jar;C:\Users\tyree\.gradle\caches\modules-2\files-2.1\org.springframework.cloud\spring-cloud-security\2.0.0.RELEASE\7202fda0e8067e1eef306e6f8f52959035e560a9\spring-cloud-security-2.0.0.RELEASE.jar;C:\Users\tyree\.gradle\caches\modules-2\files-2.1\org.springframework.boot\spring-boot-starter-web\2.0.5.RELEASE\52daa1f1509bd637a737206e54c06a17aabb9504\spring-boot-starter-web-2.0.5.RELEASE.jar;C:\Users\tyree\.gradle\caches\modules-2\files-2.1\org.springframework.cloud\spring-cloud-starter-netflix-hystrix\2.0.1.RELEASE\febdacec9d017e8be650665d06648b3999bdb6b2\spring-cloud-starter-netflix-hystrix-2.0.1.RELEASE.jar;C:\Users\tyree\.gradle\caches\modules-2\files-2.1\org.springframework.cloud\spring-cloud-starter-openfeign\2.0.1.RELEASE\89daa86028b44292dba2be5dcc867875dba4d20c\spring-cloud-starter-openfeign-2.0.1.RELEASE.jar;C:\Users\tyree\.gradle\caches\modules-2\files-2.1\javax.xml.bind\jaxb-api\2.4.0-b180830.0359\b54184b7dcab2031add3f525550c7f1b7e12209d\jaxb-api-2.4.0-b180830.0359.jar;C:\Users\tyree\.gradle\caches\modules-2\files-2.1\mysql\mysql-connector-java\5.1.47\9de4159aaf2d08817a276610b8114a825fca6cfd\mysql-connector-java-5.1.47.jar;C:\Users\tyree\.gradle\caches\modules-2\files-2.1\org.springframework.boot\spring-boot-starter-test\2.0.5.RELEASE\ab04ca2e76f6a8e786001352a81a10e4b0e7fbc8\spring-boot-starter-test-2.0.5.RELEASE.jar;C:\Users\tyree\.gradle\caches\modules-2\files-2.1\org.springframework.cloud\spring-cloud-netflix-eureka-client\2.0.1.RELEASE\7c3accfb25c6f61f83079eedbd2c3750989f6b58\spring-cloud-netflix-eureka-client-2.0.1.RELEASE.jar;C:\Users\tyree\.gradle\caches\modules-2\files-2.1\org.springframework.cloud\spring-cloud-netflix-core\2.0.1.RELEASE\e9bed492d241092e2d6da60a6b44532f5443c592\spring-cloud-netflix-core-2.0.1.RELEASE.jar;C:spring-cloud-netflix-core-2.0.1.RELEASE.jar;C:\\Users\tyree\.gradle\caches\modules-2\files-2.1\org.springframework.cloud\spring-cloud-openfeign-core\2.0.1.RELEASE\92dce6abc7da44d76a824ecaa75881f92adfc885\spring-cloud-openfeign-core-2.0.1.RELEASE.jar;C:\Users\tyree\.gradle\caches\modules-2\files-2.1\org.springframework.boot\spring-boot-starter-aop\2.0.5.RELEASE\6bc1e8bcc849772d48cae1e8278cd2b471361698\spring-boot-starter-aop-2.0.5.RELEASE.jar;C:\Users\tyree\.gradle\caches\modules-2\files-2.1\org.springframework.boot\spring-boot-starter-json\2.0.5.RELEASE\d0052ded4733ceb1fb7d927238f22f9a92099227\spring-boot-starter-json-2.0.5.RELEASE.jar;C:\Users\tyree\.gradle\caches\modules-2\files-2.1\org.springframework.cloud\spring-cloud-starter-netflix-ribbon\2.0.1.RELEASE\6e4398a28ce25d4c323149ce56fb04cf7dd7ca59\spring-cloud-starter-netflix-ribbon-2.0.1.RELEASE.jar;C:\Users\tyree\.gradle\caches\modules-2\files-2.1\org.springframework.cloud\spring-cloud-starter-netflix-archaius\2.0.1.RELEASE\c03a70287c597da9e2cf2b543a294fcd31e15a7a\spring-cloud-starter-netflix-archaius-2.0.1.RELEASE.jar;C:\Users\tyree\.gradle\caches\modules-2\files-2.1\org.springframework.cloud\spring-cloud-starter\2.0.1.RELEASE\221e7d87368cc7cd69a89d0a73be7fa17151e340\spring-cloud-starter-2.0.1.RELEASE.jar;C:\Users\tyree\.gradle\caches\modules-2\files-2.1\org.springframework.boot\spring-boot-starter-freemarker\2.0.5.RELEASE\f0520c6b4767b9173d6d79c7eebdcd63dc3e702f\spring-boot-starter-freemarker-2.0.5.RELEASE.jar;C:\Users\tyree\.gradle\caches\modules-2\files-2.1\org.springframework.boot\spring-boot-starter-security\2.0.5.RELEASE\5a53ddfd9ebd108f914f390981d992bacabf29d3\spring-boot-starter-security-2.0.5.RELEASE.jar;C:\Users\tyree\.gradle\caches\modules-2\files-2.1\org.springframework.boot\spring-boot-starter\2.0.5.RELEASE\1f53487a373be18d064a5815e9bac9882ef15cdc\spring-boot-starter-2.0.5.RELEASE.jar;C:\Users\tyree\.gradle\caches\modules-2\files-2.1\org.springframework.boot\spring-boot-actuator-autoconfigure\2.0.5.RELEASE\b29cda343b80e9294646070a5e0d353c3f9f01d1\spring-boot-actuator-autoconfigure-2.0.5.RELEASE.jar;C:\Users\tyree\.gradle\caches\modules-2\files-2.1\io.micrometer\micrometer-core\1.0.6\50299bc8a34c251d62311bbb1a297f3942a82e42\micrometer-core-1.0.6.jar;C:\Users\tyree\.gradle\caches\modules-2\files-2.1\javax.transaction\javax.transaction-api\1.2\d81aff979d603edd90dcd8db2abc1f4ce6479e3e\javax.transaction-api-1.2.jar;C:\Users\tyree\.gradle\caches\modules-2\files-2.1\org.hibernate\hibernate-core\5.2.17.Final\f2dc36470e7a2ffcf6106bb1625ecf5b54bb5f65\hibernate-core-5.2.17.Final.jar;C:\Users\tyree\.gradle\caches\modules-2\files-2.1\org.springframework.data\spring-data-jpa\2.0.10.RELEASE\a6e644c363d050c6c90f078f4f0ac66892f60d54\spring-data-jpa-2.0.10.RELEASE.jar;C:\Users\tyree\.gradle\caches\modules-2\files-2.1\org.springframework\spring-aspects\5.0.9.RELEASE\dfb2da4c573391d8e8a482f08bdf4d38398e2bb0\spring-aspects-5.0.9.RELEASE.jar;C:\Users\tyree\.gradle\caches\modules-2\files-2.1\com.zaxxer\HikariCP\2.7.9\a83113d2c091d0d0f853dad3217bd7df3beb6ae3\HikariCP-2.7.9.jar;C:\Users\tyree\.gradle\caches\modules-2\files-2.1\org.springframework\spring-orm\5.0.9.RELEASE\bb9265effd7c903f4cc1c98d16b4188b7827a1cc\spring-orm-5.0.9.RELEASE.jar;C:\Users\tyree\.gradle\caches\modules-2\files-2.1\org.springframework\spring-jdbc\5.0.9.RELEASE\2f38726ef2f5ecb72af7e915dac43177b01a8f53\spring-jdbc-5.0.9.RELEASE.jar;C:\Users\tyree\.gradle\caches\modules-2\files-2.1\org.springframework.boot\spring-boot-starter-tomcat\2.0.5.RELEASE\eaac8a5d73b45400bc88cd7f6b5c99b5f0d5e9b7\spring-boot-starter-tomcat-2.0.5.RELEASE.jar;C:\Users\tyree\.gradle\caches\modules-2\files-2.1\org.hibernate.validator\hibernate-validator\6.0.12.Final\478003e61b056c1f97840ba3e62ff31cdc89597\hibernate-validator-6.0.12.Final.jar;C:\Users\tyree\.gradle\caches\modules-2\files-2.1\org.springframework.security.oauth.boot\spring-security-oauth2-autoconfigure\2.0.0.RELEASE\33a13c816d32b6360c4ab4fa34a80dbab4b4bbf1\spring-security-oauth2-autoconfigure-2.0.0.RELEASE.jar;C:\Users\tyree\.gradle\caches\modules-2\files-2.1\org.springframework.security.oauth\spring-security-oauth2\2.2.1.RELEASE\963dee6004e5969511d594269af42b9cfc13a19f\spring-security-oauth2-2.2.1.RELEASE.jar;C:\Users\tyree\.gradle\caches\modules-2\files-2.1\org.springframework\spring-webmvc\5.0.9.RELEASE\c18346caaeb8dc648c4cc01874996fd9fef76664\spring-webmvc-5.0.9.RELEASE.jar;C:\Users\tyree\.gradle\caches\modules-2\files-2.1\org.springframework.security\spring-security-web\5.0.8.RELEASE\87b45329699c294ccd6df2507a1f703eca89e381\spring-security-web-5.0.8.RELEASE.jar;C:\Users\tyree\.gradle\caches\modules-2\files-2.1\org.springframework\spring-web\5.0.9.RELEASE\1ea3aab93340849313fa74ec626ddaf1fff9ed8e\spring-web-5.0.9.RELEASE.jar;C:\Users\tyree\.gradle\caches\modules-2\files-2.1\com.netflix.ribbon\ribbon-eureka\2.2.5\58016757f3ed6e98c0c1ca1f37d7855a2409551b\ribbon-eureka-2.2.5.jar;C:\Users\tyree\.gradle\caches\modules-2\files-2.1\org.springframework.cloud\spring-cloud-netflix-ribbon\2.0.1.RELEASE\57cf27d40bec021566d0084243179ad862879abc\spring-cloud-netflix-ribbon-2.0.1.RELEASE.jar;C:\Users\tyree\.gradle\caches\modules-2\files-2.1\com.netflix.hystrix\hystrix-metrics-event-stream\1.5.12\3b3beae83ab5e8c10154c9e9581d7c210276e227\hystrix-metrics-event-stream-1.5.12.jar;C:\Users\tyree\.gradle\caches\modules-2\files-2.1\com.netflix.hystrix\hystrix-serialization\1.5.12\ef4a2758e5bc6cf42ae848d4ba3d5363e0a2b27\hystrix-serialization-1.5.12.jar;C:\Users\tyree\.gradle\caches\modules-2\files-2.1\com.netflix.hystrix\hystrix-javanica\1.5.12\5e4d888e0dba811e8ac3a9dbc8cbcc511734ace4\hystrix-javanica-1.5.12.jar;C:\Users\tyree\.gradle\caches\modules-2\files-2.1\io.github.openfeign\feign-hystrix\9.5.1\f9efeb59ff2380447dc75863eb7e4ecf054891c\feign-hystrix-9.5.1.jar;C:\Users\tyree\.gradle\caches\modules-2\files-2.1\com.netflix.ribbon\ribbon\2.2.5\3f97c8acfc68c35012f00d10b9ac63fc8f48d790\ribbon-2.2.5.jar;C:\Users\tyree\.gradle\caches\modules-2\files-2.1\com.netflix.hystrix\hystrix-core\1.5.12\75379b6671fcaa9cec33035df684a68ec7741ca6\hystrix-core-1.5.12.jar;C:\Users\tyree\.gradle\caches\modules-2\files-2.1\io.reactivex\rxjava-reactive-streams\1.2.1\dac56d021c092c34662943dae3ab1432542005\rxjava-reactive-streams-1.2.1.jar;C:\Users\tyree\.gradle\caches\modules-2\files-2.1\org.springframework.cloud\spring-cloud-commons\2.0.1.RELEASE\302b01ad5b666d2314e6462804ddd7325acf6b75\spring-cloud-commons-2.0.1.RELEASE.jar;C:\Users\tyree\.gradle\caches\modules-2\files-2.1\io.github.openfeign\feign-slf4j\9.5.1\4770c5f4ad5d9014c161a86ff67891f81af409f1\feign-slf4j-9.5.1.jar;C:\Users\tyree\.gradle\caches\modules-2\files-2.1\io.github.openfeign\feign-java8\9.5.1\598f938d41e60e87e4a9f6f859c7254645d8877c\feign-java8-9.5.1.jar;C:\Users\tyree\.gradle\caches\modules-2\files-2.1\io.github.openfeign\feign-core\9.5.1\590613b1bd18ec0396391fb259e00b7d685ee3e6\feign-core-9.5.1.jar;C:\Users\tyree\.gradle\caches\modules-2\files-2.1\javax.activation\javax.activation-api\1.2.0\85262acf3ca9816f9537ca47d5adeabaead7cb16\javax.activation-api-1.2.0.jar;C:\Users\tyree\.gradle\caches\modules-2\files-2.1\org.springframework.boot\spring-boot-test-autoconfigure\2.0.5.RELEASE\54d5e8f9e88c6236fe164474f0aed5a8a1052c43\spring-boot-test-autoconfigure-2.0.5.RELEASE.jar;C:\Users\tyree\.gradle\caches\modules-2\files-2.1\org.springframework.boot\spring-boot-test\2.0.5.RELEASE\ce6353f33217982357a6bdba6576015ea333304c\spring-boot-test-2.0.5.RELEASE.jar;C:\Users\tyree\.gradle\caches\modules-2\files-2.1\com.jayway.jsonpath\json-path\2.4.0\765a4401ceb2dc8d40553c2075eb80a8fa35c2ae\json-path-2.4.0.jar;C:\Users\tyree\.gradle\caches\modules-2\files-2.1\junit\junit\4.12\2973d150c0dc1fefe998f834810d68f278ea58ec\junit-4.12.jar;C:\Users\tyree\.gradle\caches\modules-2\files-2.1\org.assertj\assertj-core\3.9.1\c5ce126b15f28d56cd8f960c1a6a058b9c9aea87\assertj-core-3.9.1.jar;C:\Users\tyree\.gradle\caches\modules-2\files-2.1\org.mockito\mockito-core\2.15.0\b84bfbbc29cd22c9529409627af6ea2897f4fa85\mockito-core-2.15.0.jar;C:\Users\tyree\.gradle\caches\modules-2\files-2.1\org.hamcrest\hamcrest-library\1.3\4785a3c21320980282f9f33d0d1264a69040538f\hamcrest-library-1.3.jar;C:\Users\tyree\.gradle\caches\modules-2\files-2.1\org.hamcrest\hamcrest-core\1.3\42a25dc3219429f0e5d060061f71acb49bf010a0\hamcrest-core-1.3.jar;C:\Users\tyree\.gradle\caches\modules-2\files-2.1\org.skyscreamer\jsonassert\1.5.0\6c9d5fe2f59da598d9aefc1cfc6528ff3cf32df3\jsonassert-1.5.0.jar;C:\Users\tyree\.gradle\caches\modules-2\files-2.1\org.springframework\spring-test\5.0.9.RELEASE\218c8648f898453be92d550252e0ce2a84b54375\spring-test-5.0.9.RELEASE.jar;C:\Users\tyree\.gradle\caches\modules-2\files-2.1\org.springframework.boot\spring-boot-autoconfigure\2.0.5.RELEASE\e5588642799e0c0c04638e255c3d3f31ba400ff4\spring-boot-autoconfigure-2.0.5.RELEASE.jar;C:\Users\tyree\.gradle\caches\modules-2\files-2.1\org.springframework.boot\spring-boot-actuator\2.0.5.RELEASE\7daa40cc91678aee37009b595c4cee4b05de3d68\spring-boot-actuator-2.0.5.RELEASE.jar;C:\Users\tyree\.gradle\caches\modules-2\files-2.1\org.springframework.boot\spring-boot\2.0.5.RELEASE\19a4624cbd89a318d10c79f289c6c816043850fb\spring-boot-2.0.5.RELEASE.jar;C:\Users\tyree\.gradle\caches\modules-2\files-2.1\org.springframework\spring-context-support\5.0.9.RELEASE\70513a5860ced0660834bc590b435fc7b73902ea\spring-context-support-5.0.9.RELEASE.jar;C:\Users\tyree\.gradle\caches\modules-2\files-2.1\org.springframework.security\spring-security-config\5.0.8.RELEASE\83a070861ad63c0dd5660d4529b9c37a3c9e3c50\spring-security-config-5.0.8.RELEASE.jar;C:\Users\tyree\.gradle\caches\modules-2\files-2.1\org.springframework.security\spring-security-core\5.0.8.RELEASE\32a39026edcb6b7cd4567df2c75bd561d876f515\spring-security-core-5.0.8.RELEASE.jar;C:\Users\tyree\.gradle\caches\modules-2\files-2.1\org.springframework\spring-context\5.0.9.RELEASE\2501e55acb6c2e84667cda3f845d1d00a0dc4e05\spring-context-5.0.9.RELEASE.jar;C:\Users\tyree\.gradle\caches\modules-2\files-2.1\org.springframework\spring-aop\5.0.9.RELEASE\98003b099697fe46b6bdf18c7e3f66d7a1381060\spring-aop-5.0.9.RELEASE.jar;C:\Users\tyree\.gradle\caches\modules-2\files-2.1\org.springframework.data\spring-data-commons\2.0.10.RELEASE\64d4e58a2b16b9446d51a2650058d821a5bce98d\spring-data-commons-2.0.10.RELEASE.jar;C:\Users\tyree\.gradle\caches\modules-2\files-2.1\org.springframework\spring-tx\5.0.9.RELEASE\d3a13fc3c56bdddd8144a686ed64f0cdb3ad7305\spring-tx-5.0.9.RELEASE.jar;C:\Users\tyree\.gradle\caches\modules-2\files-2.1\org.springframework\spring-beans\5.0.9.RELEASE\65f56fdab1bb90ad059e314d2f2f4cf76f9bdbde\spring-beans-5.0.9.RELEASE.jar;C:\Users\tyree\.gradle\caches\modules-2\files-2.1\org.springframework\spring-expression\5.0.9.RELEASE\1f9db5ff3a758102c0434cc3457aa47c50c39a4a\spring-expression-5.0.9.RELEASE.jar;C:\Users\tyree\.gradle\caches\modules-2\files-2.1\org.springframework\spring-core\5.0.9.RELEASE\9f9a828936d81afd49a603bda9cc1aed863a0d85\spring-core-5.0.9.RELEASE.jar;C:\Users\tyree\.gradle\caches\modules-2\files-2.1\org.xmlunit\xmlunit-core\2.5.1\4ffdb346572a7356f7521cd3119ce5287d2e339d\xmlunit-core-2.5.1.jar;C:\Users\tyree\.gradle\caches\modules-2\files-2.1\org.springframework.boot\spring-boot-starter-logging\2.0.5.RELEASE\c353e0b9591d0765c687ff0a678478cbebfd5c23\spring-boot-starter-logging-2.0.5.RELEASE.jar;C:\Users\tyree\.gradle\caches\modules-2\files-2.1\javax.annotation\javax.annotation-api\1.3.2\934c04d3cfef185a8008e7bf34331b79730a9d43\javax.annotation-api-1.3.2.jar;C:\Users\tyree\.gradle\caches\modules-2\files-2.1\org.yaml\snakeyaml\1.19\2d998d3d674b172a588e54ab619854d073f555b5\snakeyaml-1.19.jar;C:\Users\tyree\.gradle\caches\modules-2\files-2.1\com.fasterxml.jackson.datatype\jackson-datatype-jsr310\2.9.6\ea54f6193d224e5e5732bbd4262327eb465397c2\jackson-datatype-jsr310-2.9.6.jar;C:\Users\tyree\.gradle\caches\modules-2\files-2.1\com.fasterxml.jackson.datatype\jackson-datatype-jdk8\2.9.6\456895fc91bf7180b216fead220373e6278230c9\jackson-datatype-jdk8-2.9.6.jar;C:\Users\tyree\.gradle\caches\modules-2\files-2.1\com.fasterxml.jackson.module\jackson-module-parameter-names\2.9.6\129acd77a4b6ee30d62d3a0899b1344c8ec2bff8\jackson-module-parameter-names-2.9.6.jar;C:\Users\tyree\.gradle\caches\modules-2\files-2.1\com.netflix.eureka\eureka-core\1.9.3\8e134b576d2e55bd36b01d607eeea0e181f12150\eureka-core-1.9.3.jar;C:\Users\tyree\.gradle\caches\modules-2\files-2.1\com.netflix.eureka\eureka-client\1.9.3\9aa210eb20e2f9390e626d3e6b3dddef4d7ea8f1\eureka-client-1.9.3.jar;C:\Users\tyree\.gradle\caches\modules-2\files-2.1\com.netflix.ribbon\ribbon-httpclient\2.2.5\e2662937935d218f2c63105f6df39c3dfa0d06a1\ribbon-httpclient-2.2.5.jar;C:\Users\tyree\.gradle\caches\modules-2\files-2.1\com.netflix.ribbon\ribbon-transport\2.2.5\7c8e321322a98c72a36f4a81f84cafe21273c010\ribbon-transport-2.2.5.jar;C:\Users\tyree\.gradle\caches\modules-2\files-2.1\com.netflix.ribbon\ribbon-loadbalancer\2.2.5\5f713ef0b8d01580666face5e91d8c6af1daa468\ribbon-loadbalancer-2.2.5.jar;C:\Users\tyree\.gradle\caches\modules-2\files-2.1\com.netflix.ribbon\ribbon-core\2.2.5\80b6fe934799269073e69c5d7e67334459ef7e2e\ribbon-core-2.2.5.jar;C:\Users\tyree\.gradle\caches\modules-2\files-2.1\com.netflix.netflix-commons\netflix-eventbus\0.3.0\3f864adbe81f0849729fcbba3fe693c32be739ea\netflix-eventbus-0.3.0.jar;C:\Users\tyree\.gradle\caches\modules-2\files-2.1\com.netflix.archaius\archaius-core\0.7.6\be0c1024d08ad68ec25f9f32b0e9df1ab7ecb45b\archaius-core-0.7.6.jar;C:\Users\tyree\.gradle\caches\modules-2\files-2.1\com.fasterxml.jackson.dataformat\jackson-dataformat-xml\2.9.6\663f793fe2ae2a90e695eb0fbe3caa9c893634b6\jackson-dataformat-xml-2.9.6.jar;C:\Users\tyree\.gradle\caches\modules-2\files-2.1\com.fasterxml.jackson.module\jackson-module-afterburner\2.9.6\ced04832c2d8924a596de9f00894c7372ee93694\jackson-module-afterburner-2.9.6.jar;C:\Users\tyree\.gradle\caches\modules-2\files-2.1\com.amazonaws\aws-java-sdk-ec2\1.11.336\72113ebc397efd44a8911cccbfe0f6bcdb29392f\aws-java-sdk-ec2-1.11.336.jar;C:\Users\tyree\.gradle\caches\modules-2\files-2.1\com.amazonaws\aws-java-sdk-autoscaling\1.11.336\edf31451f288d342020f47579d620824f0883828\aws-java-sdk-autoscaling-1.11.336.jar;C:\Users\tyree\.gradle\caches\modules-2\files-2.1\com.amazonaws\aws-java-sdk-sts\1.11.336\dc2ddc387c60592aa35ed708ef1f52a25da75bbd\aws-java-sdk-sts-1.11.336.jar;C:\Users\tyree\.gradle\caches\modules-2\files-2.1\com.amazonaws\aws-java-sdk-route53\1.11.336\b2451cb26b457fdb9e5d418b14519d87d2279673\aws-java-sdk-route53-1.11.336.jar;C:\Users\tyree\.gradle\caches\modules-2\files-2.1\com.amazonaws\aws-java-sdk-core\1.11.336\843b0108a4a0d437182c3b155cda229d78c66c47\aws-java-sdk-core-1.11.336.jar;C:\Users\tyree\.gradle\caches\modules-2\files-2.1\com.fasterxml.jackson.module\jackson-module-jaxb-annotations\2.9.6\9a4641aa784374e36b0436b707507e52997ef91c\jackson-module-jaxb-annotations-2.9.6.jar;C:\Users\tyree\.gradle\caches\modules-2\files-2.1\com.amazonaws\jmespath-java\1.11.336\2ffaab56cec055a6e63aeb569d69fead74261dc5\jmespath-java-1.11.336.jar;C:\Users\tyree\.gradle\caches\modules-2\files-2.1\com.fasterxml.jackson.core\jackson-databind\2.9.6\cfa4f316351a91bfd95cb0644c6a2c95f52db1fc\jackson-databind-2.9.6.jar;C:\Users\tyree\.gradle\caches\modules-2\files-2.1\org.hdrhistogram\HdrHistogram\2.1.10\9e1ac84eed220281841b75e72fb9de5a297fbf04\HdrHistogram-2.1.10.jar;C:\Users\tyree\.gradle\caches\modules-2\files-2.1\org.latencyutils\LatencyUtils\2.0.3\769c0b82cb2421c8256300e907298a9410a2a3d3\LatencyUtils-2.0.3.jar;C:\Users\tyree\.gradle\caches\modules-2\files-2.1\org.aspectj\aspectjweaver\1.8.13\ad94df2a28d658a40dc27bbaff6a1ce5fbf04e9b\aspectjweaver-1.8.13.jar;C:\Users\tyree\.gradle\caches\modules-2\files-2.1\org.hibernate.common\hibernate-commons-annotations\5.0.1.Final\71e1cff3fcb20d3b3af4f3363c3ddb24d33c6879\hibernate-commons-annotations-5.0.1.Final.jar;C:\Users\tyree\.gradle\caches\modules-2\files-2.1\org.jboss.logging\jboss-logging\3.3.2.Final\3789d00e859632e6c6206adc0c71625559e6e3b0\jboss-logging-3.3.2.Final.jar;C:\Users\tyree\.gradle\caches\modules-2\files-2.1\org.hibernate.javax.persistence\hibernate-jpa-2.1-api\1.0.2.Final\52afb5762c704a6b586e27742470c08f91877fc1\hibernate-jpa-2.1-api-1.0.2.Final.jar;C:\Users\tyree\.gradle\caches\modules-2\files-2.1\org.javassist\javassist\3.22.0-GA\3e83394258ae2089be7219b971ec21a8288528ad\javassist-3.22.0-GA.jar;C:\Users\tyree\.gradle\caches\modules-2\files-2.1\com.netflix.netflix-commons\netflix-infix\0.3.0\acc65969f7367ddd2f1265e0cd7330509ed530dc\netflix-infix-0.3.0.jar;C:\Users\tyree\.gradle\caches\modules-2\files-2.1\org.antlr\antlr-runtime\3.4\8f011408269a8e42b8548687e137d8eeb56df4b4\antlr-runtime-3.4.jar;C:\Users\tyree\.gradle\caches\modules-2\files-2.1\org.antlr\stringtemplate\3.2.1\59ec8083721eae215c6f3caee944c410d2be34de\stringtemplate-3.2.1.jar;C:\Users\tyree\.gradle\caches\modules-2\files-2.1\antlr\antlr\2.7.7\83cd2cd674a217ade95a4bb83a8a14f351f48bd0\antlr-2.7.7.jar;C:\Users\tyree\.gradle\caches\modules-2\files-2.1\org.jboss\jandex\2.0.3.Final\bfc4d6257dbff7a33a357f0de116be6ff951d849\jandex-2.0.3.Final.jar;C:\Users\tyree\.gradle\caches\modules-2\files-2.1\com.fasterxml\classmate\1.3.4\3d5f48f10bbe4eb7bd862f10c0583be2e0053c6\classmate-1.3.4.jar;C:\Users\tyree\.gradle\caches\modules-2\files-2.1\dom4j\dom4j\1.6.1\5d3ccc056b6f056dbf0dddfdf43894b9065a8f94\dom4j-1.6.1.jar;C:\Users\tyree\.gradle\caches\modules-2\files-2.1\ch.qos.logback\logback-classic\1.2.3\7c4f3c474fb2c041d8028740440937705ebb473a\logback-classic-1.2.3.jar;C:\Users\tyree\.gradle\caches\modules-2\files-2.1\org.apache.logging.log4j\log4j-to-slf4j\2.10.0\f7e631ccf49cfc0aefa4a2a728da7d374c05bd3c\log4j-to-slf4j-2.10.0.jar;C:\Users\tyree\.gradle\caches\modules-2\files-2.1\org.slf4j\jul-to-slf4j\1.7.25\af5364cd6679bfffb114f0dec8a157aaa283b76\jul-to-slf4j-1.7.25.jar;C:\Users\tyree\.gradle\caches\modules-2\files-2.1\io.reactivex\rxnetty-servo\0.4.9\b7d6d6e132686c280f16710eaa3e90719f6808f8\rxnetty-servo-0.4.9.jar;C:\Users\tyree\.gradle\caches\modules-2\files-2.1\com.netflix.servo\servo-core\0.12.21\f56c3bf161217be98fbe4135adf8480590db9c37\servo-core-0.12.21.jar;C:\Users\tyree\.gradle\caches\modules-2\files-2.1\io.reactivex\rxnetty-contexts\0.4.9\6efe17a25602a5424c18ab975aa9c28b6d6b7f56\rxnetty-contexts-0.4.9.jar;C:\Users\tyree\.gradle\caches\modules-2\files-2.1\io.reactivex\rxnetty\0.4.9\5aff3c9d6bb9d9066c378bb3d2a4413ed1773bcf\rxnetty-0.4.9.jar;C:\Users\tyree\.gradle\caches\modules-2\files-2.1\com.netflix.netflix-commons\netflix-commons-util\0.3.0\8a6ffc41308c300197918eff3df1a7447ddaf468\netflix-commons-util-0.3.0.jar;C:\Users\tyree\.gradle\caches\modules-2\files-2.1\com.netflix.netflix-commons\netflix-statistics\0.1.1\12f6e48253f9cafa0e24d7d232ff504c52143212\netflix-statistics-0.1.1.jar;C:\Users\tyree\.gradle\caches\modules-2\files-2.1\org.slf4j\slf4j-api\1.7.25\da76ca59f6a57ee3102f8f9bd9cee742973efa8a\slf4j-api-1.7.25.jar;C:\Users\tyree\.gradle\caches\modules-2\files-2.1\org.apache.tomcat.embed\tomcat-embed-websocket\8.5.34\5f86906367c2540b21e6aeecc277d2ce9ec939b0\tomcat-embed-websocket-8.5.34.jar;C:\Users\tyree\.gradle\caches\modules-2\files-2.1\org.apache.tomcat.embed\tomcat-embed-core\8.5.34\a038040d68a90397f95dd1e11b979fe364a5000f\tomcat-embed-core-8.5.34.jar;C:\Users\tyree\.gradle\caches\modules-2\files-2.1\org.apache.tomcat.embed\tomcat-embed-el\8.5.34\be71a9a5bdd001db7cf97c47429eec0bdd3b7b88\tomcat-embed-el-8.5.34.jar;C:\Users\tyree\.gradle\caches\modules-2\files-2.1\javax.validation\validation-api\2.0.1.Final\cb855558e6271b1b32e716d24cb85c7f583ce09e\validation-api-2.0.1.Final.jar;C:\Users\tyree\.gradle\caches\modules-2\files-2.1\org.springframework.cloud\spring-cloud-context\2.0.1.RELEASE\a0d15068d4100c9a03c1e67f802c71007a933277\spring-cloud-context-2.0.1.RELEASE.jar;C:\Users\tyree\.gradle\caches\modules-2\files-2.1\org.springframework.security\spring-security-rsa\1.0.5.RELEASE\31bd1111ada2f455eb0f492ed09e39deda18ca99\spring-security-rsa-1.0.5.RELEASE.jar;C:\Users\tyree\.gradle\caches\modules-2\files-2.1\com.sun.jersey\jersey-servlet\1.19.1\d4e259cf85242c9905b6e5894f2cac803232f565\jersey-servlet-1.19.1.jar;C:\Users\tyree\.gradle\caches\modules-2\files-2.1\com.sun.jersey\jersey-server\1.19.1\1906bc869c8a4144d8e035c45a934929eb70ebb0\jersey-server-1.19.1.jar;C:\Users\tyree\.gradle\caches\modules-2\files-2.1\com.google.inject\guice\4.1.0\eeb69005da379a10071aa4948c48d89250febb07\guice-4.1.0.jar;C:\Users\tyree\.gradle\caches\modules-2\files-2.1\javax.inject\javax.inject\1\6975da39a7040257bd51d21a231b76c915872d38\javax.inject-1.jar;C:\Users\tyree\.gradle\caches\modules-2\files-2.1\com.thoughtworks.xstream\xstream\1.4.10\dfecae23647abc9d9fd0416629a4213a3882b101\xstream-1.4.10.jar;C:\Users\tyree\.gradle\caches\modules-2\files-2.1\org.springframework.cloud\spring-cloud-netflix-archaius\2.0.1.RELEASE\61f2e557d66e11c320189eaec11074b47c786f89\spring-cloud-netflix-archaius-2.0.1.RELEASE.jar;C:\Users\tyree\.gradle\caches\modules-2\files-2.1\commons-configuration\commons-configuration\1.8\6cce40435bcd8018018f16898de01976b319941a\commons-configuration-1.8.jar;C:\Users\tyree\.gradle\caches\modules-2\files-2.1\io.reactivex\rxjava\1.2.0\42bfaf64c94f3848ebf5cf1c2ea4ec9d1b3ac6c8\rxjava-1.2.0.jar;C:\Users\tyree\.gradle\caches\modules-2\files-2.1\com.fasterxml.jackson.dataformat\jackson-dataformat-cbor\2.9.6\2bf7323658396d1fd4d75fc1fc5126acbfc216ad\jackson-dataformat-cbor-2.9.6.jar;C:\Users\tyree\.gradle\caches\modules-2\files-2.1\com.fasterxml.jackson.core\jackson-core\2.9.6\4e393793c37c77e042ccc7be5a914ae39251b365\jackson-core-2.9.6.jar;C:\Users\tyree\.gradle\caches\modules-2\files-2.1\com.fasterxml.jackson.core\jackson-annotations\2.9.0\7c10d545325e3a6e72e06381afe469fd40eb701\jackson-annotations-2.9.0.jar;C:\Users\tyree\.gradle\caches\modules-2\files-2.1\org.apache.commons\commons-lang3\3.7\557edd918fd41f9260963583ebf5a61a43a6b423\commons-lang3-3.7.jar;C:\Users\tyree\.gradle\caches\modules-2\files-2.1\net.minidev\json-smart\2.3\7396407491352ce4fa30de92efb158adb76b5b\json-smart-2.3.jar;C:\Users\tyree\.gradle\caches\modules-2\files-2.1\net.minidev\accessors-smart\1.2\c592b500269bfde36096641b01238a8350f8aa31\accessors-smart-1.2.jar;C:\Users\tyree\.gradle\caches\modules-2\files-2.1\org.ow2.asm\asm\5.0.4\da08b8cce7bbf903602a25a3a163ae252435795\asm-5.0.4.jar;C:\Users\tyree\.gradle\caches\modules-2\files-2.1\com.google.guava\guava\19.0\6ce200f6b23222af3d8abb6b6459e6c44f4bb0e9\guava-19.0.jar;C:\Users\tyree\.gradle\caches\modules-2\files-2.1\org.reactivestreams\reactive-streams\1.0.2\323964c36556eb0e6209f65c1cef72b53b461ab8\reactive-streams-1.0.2.jar;C:\Users\tyree\.gradle\caches\modules-2\files-2.1\org.springframework.security\spring-security-jwt\1.0.9.RELEASE\3b060c3c397a7638b07c2a4850e03affd335097f\spring-security-jwt-1.0.9.RELEASE.jar;C:\Users\tyree\.gradle\caches\modules-2\files-2.1\org.springframework.security\spring-security-crypto\5.0.8.RELEASE\9492d390a7305dd5b509df6d25ac5591b4d206c2\spring-security-crypto-5.0.8.RELEASE.jar;C:\Users\tyree\.gradle\caches\modules-2\files-2.1\net.bytebuddy\byte-buddy\1.7.11\f02857a4e2c66ccbe7aaad6100a0a6c461bce9b3\byte-buddy-1.7.11.jar;C:\Users\tyree\.gradle\caches\modules-2\files-2.1\net.bytebuddy\byte-buddy-agent\1.7.11\b425a8933ca07edd03c6dbc8bc3b595fba9780de\byte-buddy-agent-1.7.11.jar;C:\Users\tyree\.gradle\caches\modules-2\files-2.1\org.objenesis\objenesis\2.6\639033469776fd37c08358c6b92a4761feb2af4b\objenesis-2.6.jar;C:\Users\tyree\.gradle\caches\modules-2\files-2.1\com.vaadin.external.google\android-json\0.0.20131108.vaadin1\fa26d351fe62a6a17f5cda1287c1c6110dec413f\android-json-0.0.20131108.vaadin1.jar;C:\Users\tyree\.gradle\caches\modules-2\files-2.1\org.springframework\spring-jcl\5.0.9.RELEASE\bc3b5aaae53f0bc03647e53ecbd98a05b47a4e90\spring-jcl-5.0.9.RELEASE.jar;C:\Users\tyree\.gradle\caches\modules-2\files-2.1\org.bouncycastle\bcpkix-jdk15on\1.56\4648af70268b6fdb24674fb1fd7c1fcc73db1231\bcpkix-jdk15on-1.56.jar;C:\Users\tyree\.gradle\caches\modules-2\files-2.1\org.freemarker\freemarker\2.3.28\7200064467a935052f99d114c2c05c3d189bc6d6\freemarker-2.3.28.jar;C:\Users\tyree\.gradle\caches\modules-2\files-2.1\org.codehaus.jettison\jettison\1.3.7\7d36a59a0577f11b12088b9e215d6860345b9e1d\jettison-1.3.7.jar;C:\Users\tyree\.gradle\caches\modules-2\files-2.1\com.sun.jersey.contribs\jersey-apache-client4\1.19.1\e1c45701a003097ace96bed4bc8fb937e9867498\jersey-apache-client4-1.19.1.jar;C:\Users\tyree\.gradle\caches\modules-2\files-2.1\com.sun.jersey\jersey-client\1.19.1\2df97ebd4e5c01599584c45caa3aeb563d268eef\jersey-client-1.19.1.jar;C:\Users\tyree\.gradle\caches\modules-2\files-2.1\com.sun.jersey\jersey-core\1.19.1\4282d106f2acd5051bd9bc2935ed9a2920c9385\jersey-core-1.19.1.jar;C:\Users\tyree\.gradle\caches\modules-2\files-2.1\javax.ws.rs\jsr311-api\1.1.1\59033da2a1afd56af1ac576750a8d0b1830d59e6\jsr311-api-1.1.1.jar;C:\Users\tyree\.gradle\caches\modules-2\files-2.1\org.apache.httpcomponents\httpclient\4.5.6\1afe5621985efe90a92d0fbc9be86271efbe796f\httpclient-4.5.6.jar;C:\Users\tyree\.gradle\caches\modules-2\files-2.1\com.github.vlsi.compactmap\compactmap\1.2.1\27aec1f3162c14b8a1178bb5c75ab43b618308ef\compactmap-1.2.1.jar;C:\Users\tyree\.gradle\caches\modules-2\files-2.1\org.codehaus.woodstox\woodstox-core-asl\4.4.1\84fee5eb1a4a1cefe65b6883c73b3fa83be3c1a1\woodstox-core-asl-4.4.1.jar;C:\Users\tyree\.gradle\caches\modules-2\files-2.1\com.google.code.findbugs\jsr305\3.0.1\f7be08ec23c21485b9b5a1cf1654c2ec8c58168d\jsr305-3.0.1.jar;C:\Users\tyree\.gradle\caches\modules-2\files-2.1\com.fasterxml.woodstox\woodstox-core\5.0.3\10aa199207fda142eff01cd61c69244877d71770\woodstox-core-5.0.3.jar;C:\Users\tyree\.gradle\caches\modules-2\files-2.1\org.codehaus.woodstox\stax2-api\3.1.4\ac19014b1e6a7c08aad07fe114af792676b685b7\stax2-api-3.1.4.jar;C:\Users\tyree\.gradle\caches\modules-2\files-2.1\xmlpull\xmlpull\1.1.3.1\2b8e230d2ab644e4ecaa94db7cdedbc40c805dfa\xmlpull-1.1.3.1.jar;C:\Users\tyree\.gradle\caches\modules-2\files-2.1\xpp3\xpp3_min\1.1.4c\19d4e90b43059058f6e056f794f0ea4030d60b86\xpp3_min-1.1.4c.jar;C:\Users\tyree\.gradle\caches\modules-2\files-2.1\commons-lang\commons-lang\2.6\ce1edb914c94ebc388f086c6827e8bdeec71ac2\commons-lang-2.6.jar;C:\Users\tyree\.gradle\caches\modules-2\files-2.1\commons-collections\commons-collections\3.2.2\8ad72fe39fa8c91eaaf12aadb21e0c3661fe26d5\commons-collections-3.2.2.jar;C:\Users\tyree\.gradle\caches\modules-2\files-2.1\commons-codec\commons-codec\1.11\3acb4705652e16236558f0f4f2192cc33c3bd189\commons-codec-1.11.jar;C:\Users\tyree\.gradle\caches\modules-2\files-2.1\org.codehaus.jackson\jackson-mapper-asl\1.9.13\1ee2f2bed0e5dd29d1cb155a166e6f8d50bbddb7\jackson-mapper-asl-1.9.13.jar;C:\Users\tyree\.gradle\caches\modules-2\files-2.1\ch.qos.logback\logback-core\1.2.3\864344400c3d4d92dfeb0a305dc87d953677c03c\logback-core-1.2.3.jar;C:\Users\tyree\.gradle\caches\modules-2\files-2.1\org.apache.logging.log4j\log4j-api\2.10.0\fec5797a55b786184a537abd39c3fa1449d752d6\log4j-api-2.10.0.jar;C:\Users\tyree\.gradle\caches\modules-2\files-2.1\org.bouncycastle\bcprov-jdk15on\1.56\a153c6f9744a3e9dd6feab5e210e1c9861362ec7\bcprov-jdk15on-1.56.jar;C:\Users\tyree\.gradle\caches\modules-2\files-2.1\stax\stax-api\1.0.1\49c100caf72d658aca8e58bd74a4ba90fa2b0d70\stax-api-1.0.1.jar;C:\Users\tyree\.gradle\caches\modules-2\files-2.1\org.apache.commons\commons-math\2.2\4877b85d388275f994a5cfc7eceb73a8045d3006\commons-math-2.2.jar;C:\Users\tyree\.gradle\caches\modules-2\files-2.1\org.apache.httpcomponents\httpcore\4.4.10\acc54d9b28bdffe4bbde89ed2e4a1e86b5285e2b\httpcore-4.4.10.jar;C:\Users\tyree\.gradle\caches\modules-2\files-2.1\aopalliance\aopalliance\1.0\235ba8b489512805ac13a8f9ea77a1ca5ebe3e8\aopalliance-1.0.jar;C:\Users\tyree\.gradle\caches\modules-2\files-2.1\com.github.andrewoma.dexx\dexx-collections\0.2\a1cff10827ee471c215a99585b99f00d3a602194\dexx-collections-0.2.jar;C:\Users\tyree\.gradle\caches\modules-2\files-2.1\software.amazon.ion\ion-java\1.0.2\ee9dacea7726e495f8352b81c12c23834ffbc564\ion-java-1.0.2.jar;C:\Users\tyree\.gradle\caches\modules-2\files-2.1\joda-time\joda-time\2.9.9\f7b520c458572890807d143670c9b24f4de90897\joda-time-2.9.9.jar;C:\Users\tyree\.gradle\caches\modules-2\files-2.1\javax.xml.stream\stax-api\1.0-2\d6337b0de8b25e53e81b922352fbea9f9f57ba0b\stax-api-1.0-2.jar;C:\Users\tyree\.gradle\caches\modules-2\files-2.1\io.netty\netty-codec-http\4.1.29.Final\454688b88cea27a4d407202d1fc79a6522345b5e\netty-codec-http-4.1.29.Final.jar;C:\Users\tyree\.gradle\caches\modules-2\files-2.1\io.netty\netty-transport-native-epoll\4.1.29.Final\baca9c954b45c495c7caf328abfac49679d90ce8\netty-transport-native-epoll-4.1.29.Final.jar;C:\Users\tyree\.gradle\caches\modules-2\files-2.1\org.codehaus.jackson\jackson-core-asl\1.9.13\3c304d70f42f832e0a86d45bd437f692129299a4\jackson-core-asl-1.9.13.jar;C:\Users\tyree\.gradle\caches\modules-2\files-2.1\commons-jxpath\commons-jxpath\1.3\c22d7d0f0f40eb7059a23cfa61773a416768b137\commons-jxpath-1.3.jar;C:\Users\tyree\.gradle\caches\modules-2\files-2.1\com.google.code.gson\gson\2.8.5\f645ed69d595b24d4cf8b3fbb64cc505bede8829\gson-2.8.5.jar;C:\Users\tyree\.gradle\caches\modules-2\files-2.1\io.netty\netty-codec\4.1.29.Final\1651bc2e279216773c234cafe402d68d2a5adc90\netty-codec-4.1.29.Final.jar;C:\Users\tyree\.gradle\caches\modules-2\files-2.1\io.netty\netty-transport-native-unix-common\4.1.29.Final\9c9f88ca57873b3c00489ae74fb80bb0cd02d986\netty-transport-native-unix-common-4.1.29.Final.jar;C:\Users\tyree\.gradle\caches\modules-2\files-2.1\io.netty\netty-transport\4.1.29.Final\c190b90f70e2ae8a48c068afad709e8728fcaa39\netty-transport-4.1.29.Final.jar;C:\Users\tyree\.gradle\caches\modules-2\files-2.1\io.netty\netty-buffer\4.1.29.Final\c3809f72e4b535b343b7dfa3c0c8210dad2fa5ea\netty-buffer-4.1.29.Final.jar;C:\Users\tyree\.gradle\caches\modules-2\files-2.1\io.netty\netty-resolver\4.1.29.Final\bbec1dc913732e4773893c14d795b15d6c1e878e\netty-resolver-4.1.29.Final.jar;C:\Users\tyree\.gradle\caches\modules-2\files-2.1\io.netty\netty-common\4.1.29.Final\a5d6a735ed07d8f197daa48db7f097cfc971ee5e\netty-common-4.1.29.Final.jar, java.vm.vendor="Oracle Corporation", sun.arch.data.model=64, user.variant=, java.vendor.url=http://java.oracle.com/, user.timezone=America/Chicago, os.name=Windows 10, java.vm.specification.version=10, user.country=US, sun.java.launcher=SUN_STANDARD, sun.boot.library.path=C:\Program Files\Java\jdk-10.0.2\bin, sun.java.command=worker.org.gradle.process.internal.worker.GradleWorkerMain 'Gradle Test Executor 9', jdk.debug=release, sun.cpu.endian=little, user.home=C:\Users\tyree, user.language=en, java.specification.vendor=Oracle Corporation, org.gradle.native=false, java.version.date=2018-07-17, java.home=C:\Program Files\Java\jdk-10.0.2, file.separator=\, java.vm.compressedOopsMode=Zero based, line.separator=
, java.specification.name=Java Platform API Specification, java.vm.specification.vendor=Oracle Corporation, java.awt.graphicsenv=sun.awt.Win32GraphicsEnvironment, user.script=, sun.management.compiler=HotSpot 64-Bit Tiered Compilers, java.runtime.version=10.0.2+13, user.name=tyree, path.separator=;, os.version=10.0, java.runtime.name=Java(TM) SE Runtime Environment, file.encoding=windows-1252, java.vm.name=Java HotSpot(TM) 64-Bit Server VM, java.vendor.version=18.3, java.vendor.url.bug=http://bugreport.java.com/bugreport/, java.io.tmpdir=C:\Users\tyree\AppData\Local\Temp\, java.version=10.0.2, user.dir=C:\Users\tyree\Documents\Programming Projects\Shawns Bakery\online-bakery\applications\account-address-microservice, os.arch=amd64, java.vm.specification.name=Java Virtual Machine Specification, java.awt.printerjob=sun.awt.windows.WPrinterJob, sun.os.patch.level=, java.library.path=C:\Program Files\Java\jdk-10.0.2\bin;C:\Windows\Sun\Java\bin;C:\Windows\system32;C:\Windows;C:\Program Files (x86)\Common Files\Oracle\Java\javapath;C:\Windows\system32;C:\Windows;C:\Windows\System32\Wbem;C:\Windows\System32\WindowsPowerShell\v1.0\;C:\Windows\System32\OpenSSH\;C:\Program Files (x86)\NVIDIA Corporation\PhysX\Common;C:\Program Files\Git\cmd;C:\Program Files\nodejs\;C:\Users\tyree\AppData\Local\Programs\Python\Python37-32\Scripts\;C:\Users\tyree\AppData\Local\Programs\Python\Python37-32\;C:\Users\tyree\AppData\Local\Microsoft\WindowsApps;;C:\Users\tyree\AppData\Local\Programs\Microsoft VS Code\bin;C:\Users\tyree\AppData\Roaming\npm;., java.vendor=Oracle Corporation, java.vm.info=mixed mode, java.vm.version=10.0.2+13, sun.io.unicode.encoding=UnicodeLittle, java.class.version=54.0}}, SystemEnvironmentPropertySource@1007709807 {name='systemEnvironment', properties={USERDOMAIN_ROAMINGPROFILE=TYREE-DESKTOP, LOCALAPPDATA=C:\Users\tyree\AppData\Local, PROCESSOR_LEVEL=23, USERDOMAIN=TYREE-DESKTOP, FPS_BROWSER_APP_PROFILE_STRING=Internet Explorer, LOGONSERVER=\\TYREE-DESKTOP, SESSIONNAME=Console, ALLUSERSPROFILE=C:\ProgramData, PROCESSOR_ARCHITECTURE=AMD64, PSModulePath=C:\Program Files\WindowsPowerShell\Modules;C:\Windows\system32\WindowsPowerShell\v1.0\Modules, SystemDrive=C:, OneDrive=C:\Users\tyree\OneDrive, APPDATA=C:\Users\tyree\AppData\Roaming, USERNAME=tyree, ProgramFiles(x86)=C:\Program Files (x86), CommonProgramFiles=C:\Program Files\Common Files, Path=C:\Program Files (x86)\Common Files\Oracle\Java\javapath;C:\Windows\system32;C:\Windows;C:\Windows\System32\Wbem;C:\Windows\System32\WindowsPowerShell\v1.0\;C:\Windows\System32\OpenSSH\;C:\Program Files (x86)\NVIDIA Corporation\PhysX\Common;C:\Program Files\Git\cmd;C:\Program Files\nodejs\;C:\Users\tyree\AppData\Local\Programs\Python\Python37-32\Scripts\;C:\Users\tyree\AppData\Local\Programs\Python\Python37-32\;C:\Users\tyree\AppData\Local\Microsoft\WindowsApps;;C:\Users\tyree\AppData\Local\Programs\Microsoft VS Code\bin;C:\Users\tyree\AppData\Roaming\npm, FPS_BROWSER_USER_PROFILE_STRING=Default, PATHEXT=.COM;.EXE;.BAT;.CMD;.VBS;.VBE;.JS;.JSE;.WSF;.WSH;.MSC, DriverData=C:\Windows\System32\Drivers\DriverData, OS=Windows_NT, COMPUTERNAME=TYREE-DESKTOP, PROCESSOR_REVISION=0802, CommonProgramW6432=C:\Program Files\Common Files, ComSpec=C:\Windows\system32\cmd.exe, ProgramData=C:\ProgramData, ProgramW6432=C:\Program Files, HOMEPATH=\Users\tyree, SystemRoot=C:\Windows, TEMP=C:\Users\tyree\AppData\Local\Temp, HOMEDRIVE=C:, PROCESSOR_IDENTIFIER=AMD64 Family 23 Model 8 Stepping 2, AuthenticAMD, USERPROFILE=C:\Users\tyree, TMP=C:\Users\tyree\AppData\Local\Temp, CommonProgramFiles(x86)=C:\Program Files (x86)\Common Files, ProgramFiles=C:\Program Files, PUBLIC=C:\Users\Public, NUMBER_OF_PROCESSORS=12, windir=C:\Windows, =::=::\}}]
13:55:05.881 [Test worker] DEBUG org.springframework.core.io.support.PathMatchingResourcePatternResolver - Resolved classpath location [com/nightscholar/bakery/accountaddress/] to resources [URL [file:/C:/Users/tyree/Documents/Programming%20Projects/Shawns%20Bakery/online-bakery/applications/account-address-microservice/build/classes/java/test/com/nightscholar/bakery/accountaddress/], URL [file:/C:/Users/tyree/Documents/Programming%20Projects/Shawns%20Bakery/online-bakery/applications/account-address-microservice/build/classes/java/main/com/nightscholar/bakery/accountaddress/]]
13:55:05.881 [Test worker] DEBUG org.springframework.core.io.support.PathMatchingResourcePatternResolver - Looking for matching resources in directory tree [C:\Users\tyree\Documents\Programming Projects\Shawns Bakery\online-bakery\applications\account-address-microservice\build\classes\java\test\com\nightscholar\bakery\accountaddress]
13:55:05.881 [Test worker] DEBUG org.springframework.core.io.support.PathMatchingResourcePatternResolver - Searching directory [C:\Users\tyree\Documents\Programming Projects\Shawns Bakery\online-bakery\applications\account-address-microservice\build\classes\java\test\com\nightscholar\bakery\accountaddress] for files matching pattern [C:/Users/tyree/Documents/Programming Projects/Shawns Bakery/online-bakery/applications/account-address-microservice/build/classes/java/test/com/nightscholar/bakery/accountaddress/*.class]
13:55:05.896 [Test worker] DEBUG org.springframework.core.io.support.PathMatchingResourcePatternResolver - Looking for matching resources in directory tree [C:\Users\tyree\Documents\Programming Projects\Shawns Bakery\online-bakery\applications\account-address-microservice\build\classes\java\main\com\nightscholar\bakery\accountaddress]
13:55:05.896 [Test worker] DEBUG org.springframework.core.io.support.PathMatchingResourcePatternResolver - Searching directory [C:\Users\tyree\Documents\Programming Projects\Shawns Bakery\online-bakery\applications\account-address-microservice\build\classes\java\main\com\nightscholar\bakery\accountaddress] for files matching pattern [C:/Users/tyree/Documents/Programming Projects/Shawns Bakery/online-bakery/applications/account-address-microservice/build/classes/java/main/com/nightscholar/bakery/accountaddress/*.class]
13:55:05.896 [Test worker] DEBUG org.springframework.core.io.support.PathMatchingResourcePatternResolver - Resolved location pattern [classpath*:com/nightscholar/bakery/accountaddress/*.class] to resources [file [C:\Users\tyree\Documents\Programming Projects\Shawns Bakery\online-bakery\applications\account-address-microservice\build\classes\java\test\com\nightscholar\bakery\accountaddress\AccountAddressMicroserviceApplicationTests.class], file [C:\Users\tyree\Documents\Programming Projects\Shawns Bakery\online-bakery\applications\account-address-microservice\build\classes\java\main\com\nightscholar\bakery\accountaddress\AccountAddressMicroserviceApplication.class]]
13:55:05.927 [Test worker] DEBUG org.springframework.context.annotation.ClassPathScanningCandidateComponentProvider - Identified candidate component class: file [C:\Users\tyree\Documents\Programming Projects\Shawns Bakery\online-bakery\applications\account-address-microservice\build\classes\java\main\com\nightscholar\bakery\accountaddress\AccountAddressMicroserviceApplication.class]
13:55:05.927 [Test worker] INFO org.springframework.boot.test.context.SpringBootTestContextBootstrapper - Found @SpringBootConfiguration com.nightscholar.bakery.accountaddress.AccountAddressMicroserviceApplication for test class com.nightscholar.bakery.accountaddress.AccountAddressMicroserviceApplicationTests
13:55:06.034 [Test worker] DEBUG org.springframework.boot.test.context.SpringBootTestContextBootstrapper - @TestExecutionListeners is not present for class [com.nightscholar.bakery.accountaddress.AccountAddressMicroserviceApplicationTests]: using defaults.
13:55:06.034 [Test worker] INFO org.springframework.boot.test.context.SpringBootTestContextBootstrapper - Loaded default TestExecutionListener class names from location [META-INF/spring.factories]: [org.springframework.boot.test.autoconfigure.restdocs.RestDocsTestExecutionListener, org.springframework.boot.test.autoconfigure.web.client.MockRestServiceServerResetTestExecutionListener, org.springframework.boot.test.autoconfigure.web.servlet.MockMvcPrintOnlyOnFailureTestExecutionListener, org.springframework.boot.test.autoconfigure.web.servlet.WebDriverTestExecutionListener, org.springframework.boot.test.mock.mockito.MockitoTestExecutionListener, org.springframework.boot.test.mock.mockito.ResetMocksTestExecutionListener, org.springframework.test.context.web.ServletTestExecutionListener, org.springframework.test.context.support.DirtiesContextBeforeModesTestExecutionListener, org.springframework.test.context.support.DependencyInjectionTestExecutionListener, org.springframework.test.context.support.DirtiesContextTestExecutionListener, org.springframework.test.context.transaction.TransactionalTestExecutionListener, org.springframework.test.context.jdbc.SqlScriptsTestExecutionListener]
13:55:06.046 [Test worker] INFO org.springframework.boot.test.context.SpringBootTestContextBootstrapper - Using TestExecutionListeners: [org.springframework.test.context.web.ServletTestExecutionListener@a5f8442, org.springframework.test.context.support.DirtiesContextBeforeModesTestExecutionListener@44cb8ee4, org.springframework.boot.test.mock.mockito.MockitoTestExecutionListener@7d2c7d1e, org.springframework.boot.test.autoconfigure.SpringBootDependencyInjectionTestExecutionListener@11df4312, org.springframework.test.context.support.DirtiesContextTestExecutionListener@6754a8ff, org.springframework.test.context.transaction.TransactionalTestExecutionListener@7f70a65f, org.springframework.test.context.jdbc.SqlScriptsTestExecutionListener@61aae022, org.springframework.boot.test.autoconfigure.restdocs.RestDocsTestExecutionListener@a86f8d6, org.springframework.boot.test.autoconfigure.web.client.MockRestServiceServerResetTestExecutionListener@48d7aa29, org.springframework.boot.test.autoconfigure.web.servlet.MockMvcPrintOnlyOnFailureTestExecutionListener@326faf32, org.springframework.boot.test.autoconfigure.web.servlet.WebDriverTestExecutionListener@4f2f2ad, org.springframework.boot.test.mock.mockito.ResetMocksTestExecutionListener@390ffaad]
13:55:06.048 [Test worker] DEBUG org.springframework.test.annotation.ProfileValueUtils - Retrieved @ProfileValueSourceConfiguration [null] for test class [com.nightscholar.bakery.accountaddress.AccountAddressMicroserviceApplicationTests]
13:55:06.048 [Test worker] DEBUG org.springframework.test.annotation.ProfileValueUtils - Retrieved ProfileValueSource type [class org.springframework.test.annotation.SystemProfileValueSource] for class [com.nightscholar.bakery.accountaddress.AccountAddressMicroserviceApplicationTests]
13:55:06.050 [Test worker] DEBUG org.springframework.test.annotation.ProfileValueUtils - Retrieved @ProfileValueSourceConfiguration [null] for test class [com.nightscholar.bakery.accountaddress.AccountAddressMicroserviceApplicationTests]
13:55:06.050 [Test worker] DEBUG org.springframework.test.annotation.ProfileValueUtils - Retrieved ProfileValueSource type [class org.springframework.test.annotation.SystemProfileValueSource] for class [com.nightscholar.bakery.accountaddress.AccountAddressMicroserviceApplicationTests]
13:55:06.050 [Test worker] DEBUG org.springframework.test.context.support.AbstractDirtiesContextTestExecutionListener - Before test class: context [DefaultTestContext@5b371c47 testClass = AccountAddressMicroserviceApplicationTests, testInstance = [null], testMethod = [null], testException = [null], mergedContextConfiguration = [WebMergedContextConfiguration@2d96e5e2 testClass = AccountAddressMicroserviceApplicationTests, locations = '{}', classes = '{class com.nightscholar.bakery.accountaddress.AccountAddressMicroserviceApplication}', contextInitializerClasses = '[]', activeProfiles = '{}', propertySourceLocations = '{}', propertySourceProperties = '{org.springframework.boot.test.context.SpringBootTestContextBootstrapper=true}', contextCustomizers = set[org.springframework.boot.test.autoconfigure.properties.PropertyMappingContextCustomizer@0, org.springframework.boot.test.autoconfigure.web.servlet.WebDriverContextCustomizerFactory$Customizer@7e753929, org.springframework.boot.test.context.filter.ExcludeFilterContextCustomizer@70e8f0ed, org.springframework.boot.test.json.DuplicateJsonObjectContextCustomizerFactory$DuplicateJsonObjectContextCustomizer@282434c1, org.springframework.boot.test.mock.mockito.MockitoContextCustomizer@0, org.springframework.boot.test.web.client.TestRestTemplateContextCustomizer@7ac786ed], resourceBasePath = 'src/main/webapp', contextLoader = 'org.springframework.boot.test.context.SpringBootContextLoader', parent = [null]], attributes = map['org.springframework.test.context.web.ServletTestExecutionListener.activateListener' -> true]], class annotated with @DirtiesContext [false] with mode [null].
13:55:06.050 [Test worker] DEBUG org.springframework.test.annotation.ProfileValueUtils - Retrieved @ProfileValueSourceConfiguration [null] for test class [com.nightscholar.bakery.accountaddress.AccountAddressMicroserviceApplicationTests]
13:55:06.050 [Test worker] DEBUG org.springframework.test.annotation.ProfileValueUtils - Retrieved ProfileValueSource type [class org.springframework.test.annotation.SystemProfileValueSource] for class [com.nightscholar.bakery.accountaddress.AccountAddressMicroserviceApplicationTests]
13:55:06.065 [Test worker] DEBUG org.springframework.core.env.StandardEnvironment - Adding PropertySource 'systemProperties' with lowest search precedence
13:55:06.065 [Test worker] DEBUG org.springframework.core.env.StandardEnvironment - Adding PropertySource 'systemEnvironment' with lowest search precedence
13:55:06.065 [Test worker] DEBUG org.springframework.core.env.StandardEnvironment - Initialized StandardEnvironment with PropertySources [MapPropertySource@1435107900 {name='systemProperties', properties={sun.desktop=windows, awt.toolkit=sun.awt.windows.WToolkit, java.specification.version=10, file.encoding.pkg=sun.io, sun.cpu.isalist=amd64, sun.jnu.encoding=Cp1252, org.gradle.test.worker=9, java.class.path=C:\Users\tyree\.gradle\caches\4.8\workerMain\gradle-worker.jar;C:\Users\tyree\Documents\Programming Projects\Shawns Bakery\online-bakery\applications\account-address-microservice\build\classes\java\test;C:\Users\tyree\Documents\Programming Projects\Shawns Bakery\online-bakery\applications\account-address-microservice\build\resources\test;C:\Users\tyree\Documents\Programming Projects\Shawns Bakery\online-bakery\applications\account-address-microservice\build\classes\java\main;C:\Users\tyree\Documents\Programming Projects\Shawns Bakery\online-bakery\applications\account-address-microservice\build\resources\main;C:\Users\tyree\.gradle\caches\modules-2\files-2.1\org.springframework.cloud\spring-cloud-starter-netflix-eureka-server\2.0.1.RELEASE\42fa59d8024b064443f66070080ee3154f2d7c5a\spring-cloud-starter-netflix-eureka-server-2.0.1.RELEASE.jar;C:\Users\tyree\.gradle\caches\modules-2\files-2.1\org.springframework.cloud\spring-cloud-netflix-eureka-server\2.0.1.RELEASE\7b564eb028e611202a1df037bcb4c6ade66006dc\spring-cloud-netflix-eureka-server-2.0.1.RELEASE.jar;C:\Users\tyree\.gradle\caches\modules-2\files-2.1\org.springframework.cloud\spring-cloud-starter-oauth2\2.0.0.RELEASE\ec6647129bc1582ced9c1069130ac16e160a89bc\spring-cloud-starter-oauth2-2.0.0.RELEASE.jar;C:\Users\tyree\.gradle\caches\modules-2\files-2.1\org.springframework.cloud\spring-cloud-starter-security\2.0.0.RELEASE\78fc34a81d6b4b72ef497fe9c478a7931bb2f1dc\spring-cloud-starter-security-2.0.0.RELEASE.jar;C:\Users\tyree\.gradle\caches\modules-2\files-2.1\org.springframework.boot\spring-boot-starter-actuator\2.0.5.RELEASE\d5153c71f55aa39593fb6295790aad7cd81ef296\spring-boot-starter-actuator-2.0.5.RELEASE.jar;C:\Users\tyree\.gradle\caches\modules-2\files-2.1\org.springframework.boot\spring-boot-starter-data-jpa\2.0.5.RELEASE\c99b58e8ada11478aa5d0c3065745b7e887f094e\spring-boot-starter-data-jpa-2.0.5.RELEASE.jar;C:\Users\tyree\.gradle\caches\modules-2\files-2.1\org.springframework.boot\spring-boot-starter-jdbc\2.0.5.RELEASE\9a5370acc7c5e17f4a00578211fbbd212b9a8329\spring-boot-starter-jdbc-2.0.5.RELEASE.jar;C:\Users\tyree\.gradle\caches\modules-2\files-2.1\org.springframework.cloud\spring-cloud-security\2.0.0.RELEASE\7202fda0e8067e1eef306e6f8f52959035e560a9\spring-cloud-security-2.0.0.RELEASE.jar;C:\Users\tyree\.gradle\caches\modules-2\files-2.1\org.springframework.boot\spring-boot-starter-web\2.0.5.RELEASE\52daa1f1509bd637a737206e54c06a17aabb9504\spring-boot-starter-web-2.0.5.RELEASE.jar;C:\Users\tyree\.gradle\caches\modules-2\files-2.1\org.springframework.cloud\spring-cloud-starter-netflix-hystrix\2.0.1.RELEASE\febdacec9d017e8be650665d06648b3999bdb6b2\spring-cloud-starter-netflix-hystrix-2.0.1.RELEASE.jar;C:\Users\tyree\.gradle\caches\modules-2\files-2.1\org.springframework.cloud\spring-cloud-starter-openfeign\2.0.1.RELEASE\89daa86028b44292dba2be5dcc867875dba4d20c\spring-cloud-starter-openfeign-2.0.1.RELEASE.jar;C:\Users\tyree\.gradle\caches\modules-2\files-2.1\javax.xml.bind\jaxb-api\2.4.0-b180830.0359\b54184b7dcab2031add3f525550c7f1b7e12209d\jaxb-api-2.4.0-b180830.0359.jar;C:\Users\tyree\.gradle\caches\modules-2\files-2.1\mysql\mysql-connector-java\5.1.47\9de4159aaf2d08817a276610b8114a825fca6cfd\mysql-connector-java-5.1.47.jar;C:\Users\tyree\.gradle\caches\modules-2\files-2.1\org.springframework.boot\spring-boot-starter-test\2.0.5.RELEASE\ab04ca2e76f6a8e786001352a81a10e4b0e7fbc8\spring-boot-starter-test-2.0.5.RELEASE.jar;C:\Users\tyree\.gradle\caches\modules-2\files-2.1\org.springframework.cloud\spring-cloud-netflix-eureka-client\2.0.1.RELEASE\7c3accfb25c6f61f83079eedbd2c3750989f6b58\spring-cloud-netflix-eureka-client-2.0.1.RELEASE.jar;C:\Users\tyree\.gradle\caches\modules-2\files-2.1\org.springframework.cloud\spring-cloud-netflix-core\2.0.1.RELEASE\e9bed492d241092e2d6da60a6b44532f5443c592\spring-cloud-netflix-core-2.0.1.RELEASE.jar;C:spring-cloud-netflix-core-2.0.1.RELEASE.jar;C:\\Users\tyree\.gradle\caches\modules-2\files-2.1\org.springframework.cloud\spring-cloud-openfeign-core\2.0.1.RELEASE\92dce6abc7da44d76a824ecaa75881f92adfc885\spring-cloud-openfeign-core-2.0.1.RELEASE.jar;C:\Users\tyree\.gradle\caches\modules-2\files-2.1\org.springframework.boot\spring-boot-starter-aop\2.0.5.RELEASE\6bc1e8bcc849772d48cae1e8278cd2b471361698\spring-boot-starter-aop-2.0.5.RELEASE.jar;C:\Users\tyree\.gradle\caches\modules-2\files-2.1\org.springframework.boot\spring-boot-starter-json\2.0.5.RELEASE\d0052ded4733ceb1fb7d927238f22f9a92099227\spring-boot-starter-json-2.0.5.RELEASE.jar;C:\Users\tyree\.gradle\caches\modules-2\files-2.1\org.springframework.cloud\spring-cloud-starter-netflix-ribbon\2.0.1.RELEASE\6e4398a28ce25d4c323149ce56fb04cf7dd7ca59\spring-cloud-starter-netflix-ribbon-2.0.1.RELEASE.jar;C:\Users\tyree\.gradle\caches\modules-2\files-2.1\org.springframework.cloud\spring-cloud-starter-netflix-archaius\2.0.1.RELEASE\c03a70287c597da9e2cf2b543a294fcd31e15a7a\spring-cloud-starter-netflix-archaius-2.0.1.RELEASE.jar;C:\Users\tyree\.gradle\caches\modules-2\files-2.1\org.springframework.cloud\spring-cloud-starter\2.0.1.RELEASE\221e7d87368cc7cd69a89d0a73be7fa17151e340\spring-cloud-starter-2.0.1.RELEASE.jar;C:\Users\tyree\.gradle\caches\modules-2\files-2.1\org.springframework.boot\spring-boot-starter-freemarker\2.0.5.RELEASE\f0520c6b4767b9173d6d79c7eebdcd63dc3e702f\spring-boot-starter-freemarker-2.0.5.RELEASE.jar;C:\Users\tyree\.gradle\caches\modules-2\files-2.1\org.springframework.boot\spring-boot-starter-security\2.0.5.RELEASE\5a53ddfd9ebd108f914f390981d992bacabf29d3\spring-boot-starter-security-2.0.5.RELEASE.jar;C:\Users\tyree\.gradle\caches\modules-2\files-2.1\org.springframework.boot\spring-boot-starter\2.0.5.RELEASE\1f53487a373be18d064a5815e9bac9882ef15cdc\spring-boot-starter-2.0.5.RELEASE.jar;C:\Users\tyree\.gradle\caches\modules-2\files-2.1\org.springframework.boot\spring-boot-actuator-autoconfigure\2.0.5.RELEASE\b29cda343b80e9294646070a5e0d353c3f9f01d1\spring-boot-actuator-autoconfigure-2.0.5.RELEASE.jar;C:\Users\tyree\.gradle\caches\modules-2\files-2.1\io.micrometer\micrometer-core\1.0.6\50299bc8a34c251d62311bbb1a297f3942a82e42\micrometer-core-1.0.6.jar;C:\Users\tyree\.gradle\caches\modules-2\files-2.1\javax.transaction\javax.transaction-api\1.2\d81aff979d603edd90dcd8db2abc1f4ce6479e3e\javax.transaction-api-1.2.jar;C:\Users\tyree\.gradle\caches\modules-2\files-2.1\org.hibernate\hibernate-core\5.2.17.Final\f2dc36470e7a2ffcf6106bb1625ecf5b54bb5f65\hibernate-core-5.2.17.Final.jar;C:\Users\tyree\.gradle\caches\modules-2\files-2.1\org.springframework.data\spring-data-jpa\2.0.10.RELEASE\a6e644c363d050c6c90f078f4f0ac66892f60d54\spring-data-jpa-2.0.10.RELEASE.jar;C:\Users\tyree\.gradle\caches\modules-2\files-2.1\org.springframework\spring-aspects\5.0.9.RELEASE\dfb2da4c573391d8e8a482f08bdf4d38398e2bb0\spring-aspects-5.0.9.RELEASE.jar;C:\Users\tyree\.gradle\caches\modules-2\files-2.1\com.zaxxer\HikariCP\2.7.9\a83113d2c091d0d0f853dad3217bd7df3beb6ae3\HikariCP-2.7.9.jar;C:\Users\tyree\.gradle\caches\modules-2\files-2.1\org.springframework\spring-orm\5.0.9.RELEASE\bb9265effd7c903f4cc1c98d16b4188b7827a1cc\spring-orm-5.0.9.RELEASE.jar;C:\Users\tyree\.gradle\caches\modules-2\files-2.1\org.springframework\spring-jdbc\5.0.9.RELEASE\2f38726ef2f5ecb72af7e915dac43177b01a8f53\spring-jdbc-5.0.9.RELEASE.jar;C:\Users\tyree\.gradle\caches\modules-2\files-2.1\org.springframework.boot\spring-boot-starter-tomcat\2.0.5.RELEASE\eaac8a5d73b45400bc88cd7f6b5c99b5f0d5e9b7\spring-boot-starter-tomcat-2.0.5.RELEASE.jar;C:\Users\tyree\.gradle\caches\modules-2\files-2.1\org.hibernate.validator\hibernate-validator\6.0.12.Final\478003e61b056c1f97840ba3e62ff31cdc89597\hibernate-validator-6.0.12.Final.jar;C:\Users\tyree\.gradle\caches\modules-2\files-2.1\org.springframework.security.oauth.boot\spring-security-oauth2-autoconfigure\2.0.0.RELEASE\33a13c816d32b6360c4ab4fa34a80dbab4b4bbf1\spring-security-oauth2-autoconfigure-2.0.0.RELEASE.jar;C:\Users\tyree\.gradle\caches\modules-2\files-2.1\org.springframework.security.oauth\spring-security-oauth2\2.2.1.RELEASE\963dee6004e5969511d594269af42b9cfc13a19f\spring-security-oauth2-2.2.1.RELEASE.jar;C:\Users\tyree\.gradle\caches\modules-2\files-2.1\org.springframework\spring-webmvc\5.0.9.RELEASE\c18346caaeb8dc648c4cc01874996fd9fef76664\spring-webmvc-5.0.9.RELEASE.jar;C:\Users\tyree\.gradle\caches\modules-2\files-2.1\org.springframework.security\spring-security-web\5.0.8.RELEASE\87b45329699c294ccd6df2507a1f703eca89e381\spring-security-web-5.0.8.RELEASE.jar;C:\Users\tyree\.gradle\caches\modules-2\files-2.1\org.springframework\spring-web\5.0.9.RELEASE\1ea3aab93340849313fa74ec626ddaf1fff9ed8e\spring-web-5.0.9.RELEASE.jar;C:\Users\tyree\.gradle\caches\modules-2\files-2.1\com.netflix.ribbon\ribbon-eureka\2.2.5\58016757f3ed6e98c0c1ca1f37d7855a2409551b\ribbon-eureka-2.2.5.jar;C:\Users\tyree\.gradle\caches\modules-2\files-2.1\org.springframework.cloud\spring-cloud-netflix-ribbon\2.0.1.RELEASE\57cf27d40bec021566d0084243179ad862879abc\spring-cloud-netflix-ribbon-2.0.1.RELEASE.jar;C:\Users\tyree\.gradle\caches\modules-2\files-2.1\com.netflix.hystrix\hystrix-metrics-event-stream\1.5.12\3b3beae83ab5e8c10154c9e9581d7c210276e227\hystrix-metrics-event-stream-1.5.12.jar;C:\Users\tyree\.gradle\caches\modules-2\files-2.1\com.netflix.hystrix\hystrix-serialization\1.5.12\ef4a2758e5bc6cf42ae848d4ba3d5363e0a2b27\hystrix-serialization-1.5.12.jar;C:\Users\tyree\.gradle\caches\modules-2\files-2.1\com.netflix.hystrix\hystrix-javanica\1.5.12\5e4d888e0dba811e8ac3a9dbc8cbcc511734ace4\hystrix-javanica-1.5.12.jar;C:\Users\tyree\.gradle\caches\modules-2\files-2.1\io.github.openfeign\feign-hystrix\9.5.1\f9efeb59ff2380447dc75863eb7e4ecf054891c\feign-hystrix-9.5.1.jar;C:\Users\tyree\.gradle\caches\modules-2\files-2.1\com.netflix.ribbon\ribbon\2.2.5\3f97c8acfc68c35012f00d10b9ac63fc8f48d790\ribbon-2.2.5.jar;C:\Users\tyree\.gradle\caches\modules-2\files-2.1\com.netflix.hystrix\hystrix-core\1.5.12\75379b6671fcaa9cec33035df684a68ec7741ca6\hystrix-core-1.5.12.jar;C:\Users\tyree\.gradle\caches\modules-2\files-2.1\io.reactivex\rxjava-reactive-streams\1.2.1\dac56d021c092c34662943dae3ab1432542005\rxjava-reactive-streams-1.2.1.jar;C:\Users\tyree\.gradle\caches\modules-2\files-2.1\org.springframework.cloud\spring-cloud-commons\2.0.1.RELEASE\302b01ad5b666d2314e6462804ddd7325acf6b75\spring-cloud-commons-2.0.1.RELEASE.jar;C:\Users\tyree\.gradle\caches\modules-2\files-2.1\io.github.openfeign\feign-slf4j\9.5.1\4770c5f4ad5d9014c161a86ff67891f81af409f1\feign-slf4j-9.5.1.jar;C:\Users\tyree\.gradle\caches\modules-2\files-2.1\io.github.openfeign\feign-java8\9.5.1\598f938d41e60e87e4a9f6f859c7254645d8877c\feign-java8-9.5.1.jar;C:\Users\tyree\.gradle\caches\modules-2\files-2.1\io.github.openfeign\feign-core\9.5.1\590613b1bd18ec0396391fb259e00b7d685ee3e6\feign-core-9.5.1.jar;C:\Users\tyree\.gradle\caches\modules-2\files-2.1\javax.activation\javax.activation-api\1.2.0\85262acf3ca9816f9537ca47d5adeabaead7cb16\javax.activation-api-1.2.0.jar;C:\Users\tyree\.gradle\caches\modules-2\files-2.1\org.springframework.boot\spring-boot-test-autoconfigure\2.0.5.RELEASE\54d5e8f9e88c6236fe164474f0aed5a8a1052c43\spring-boot-test-autoconfigure-2.0.5.RELEASE.jar;C:\Users\tyree\.gradle\caches\modules-2\files-2.1\org.springframework.boot\spring-boot-test\2.0.5.RELEASE\ce6353f33217982357a6bdba6576015ea333304c\spring-boot-test-2.0.5.RELEASE.jar;C:\Users\tyree\.gradle\caches\modules-2\files-2.1\com.jayway.jsonpath\json-path\2.4.0\765a4401ceb2dc8d40553c2075eb80a8fa35c2ae\json-path-2.4.0.jar;C:\Users\tyree\.gradle\caches\modules-2\files-2.1\junit\junit\4.12\2973d150c0dc1fefe998f834810d68f278ea58ec\junit-4.12.jar;C:\Users\tyree\.gradle\caches\modules-2\files-2.1\org.assertj\assertj-core\3.9.1\c5ce126b15f28d56cd8f960c1a6a058b9c9aea87\assertj-core-3.9.1.jar;C:\Users\tyree\.gradle\caches\modules-2\files-2.1\org.mockito\mockito-core\2.15.0\b84bfbbc29cd22c9529409627af6ea2897f4fa85\mockito-core-2.15.0.jar;C:\Users\tyree\.gradle\caches\modules-2\files-2.1\org.hamcrest\hamcrest-library\1.3\4785a3c21320980282f9f33d0d1264a69040538f\hamcrest-library-1.3.jar;C:\Users\tyree\.gradle\caches\modules-2\files-2.1\org.hamcrest\hamcrest-core\1.3\42a25dc3219429f0e5d060061f71acb49bf010a0\hamcrest-core-1.3.jar;C:\Users\tyree\.gradle\caches\modules-2\files-2.1\org.skyscreamer\jsonassert\1.5.0\6c9d5fe2f59da598d9aefc1cfc6528ff3cf32df3\jsonassert-1.5.0.jar;C:\Users\tyree\.gradle\caches\modules-2\files-2.1\org.springframework\spring-test\5.0.9.RELEASE\218c8648f898453be92d550252e0ce2a84b54375\spring-test-5.0.9.RELEASE.jar;C:\Users\tyree\.gradle\caches\modules-2\files-2.1\org.springframework.boot\spring-boot-autoconfigure\2.0.5.RELEASE\e5588642799e0c0c04638e255c3d3f31ba400ff4\spring-boot-autoconfigure-2.0.5.RELEASE.jar;C:\Users\tyree\.gradle\caches\modules-2\files-2.1\org.springframework.boot\spring-boot-actuator\2.0.5.RELEASE\7daa40cc91678aee37009b595c4cee4b05de3d68\spring-boot-actuator-2.0.5.RELEASE.jar;C:\Users\tyree\.gradle\caches\modules-2\files-2.1\org.springframework.boot\spring-boot\2.0.5.RELEASE\19a4624cbd89a318d10c79f289c6c816043850fb\spring-boot-2.0.5.RELEASE.jar;C:\Users\tyree\.gradle\caches\modules-2\files-2.1\org.springframework\spring-context-support\5.0.9.RELEASE\70513a5860ced0660834bc590b435fc7b73902ea\spring-context-support-5.0.9.RELEASE.jar;C:\Users\tyree\.gradle\caches\modules-2\files-2.1\org.springframework.security\spring-security-config\5.0.8.RELEASE\83a070861ad63c0dd5660d4529b9c37a3c9e3c50\spring-security-config-5.0.8.RELEASE.jar;C:\Users\tyree\.gradle\caches\modules-2\files-2.1\org.springframework.security\spring-security-core\5.0.8.RELEASE\32a39026edcb6b7cd4567df2c75bd561d876f515\spring-security-core-5.0.8.RELEASE.jar;C:\Users\tyree\.gradle\caches\modules-2\files-2.1\org.springframework\spring-context\5.0.9.RELEASE\2501e55acb6c2e84667cda3f845d1d00a0dc4e05\spring-context-5.0.9.RELEASE.jar;C:\Users\tyree\.gradle\caches\modules-2\files-2.1\org.springframework\spring-aop\5.0.9.RELEASE\98003b099697fe46b6bdf18c7e3f66d7a1381060\spring-aop-5.0.9.RELEASE.jar;C:\Users\tyree\.gradle\caches\modules-2\files-2.1\org.springframework.data\spring-data-commons\2.0.10.RELEASE\64d4e58a2b16b9446d51a2650058d821a5bce98d\spring-data-commons-2.0.10.RELEASE.jar;C:\Users\tyree\.gradle\caches\modules-2\files-2.1\org.springframework\spring-tx\5.0.9.RELEASE\d3a13fc3c56bdddd8144a686ed64f0cdb3ad7305\spring-tx-5.0.9.RELEASE.jar;C:\Users\tyree\.gradle\caches\modules-2\files-2.1\org.springframework\spring-beans\5.0.9.RELEASE\65f56fdab1bb90ad059e314d2f2f4cf76f9bdbde\spring-beans-5.0.9.RELEASE.jar;C:\Users\tyree\.gradle\caches\modules-2\files-2.1\org.springframework\spring-expression\5.0.9.RELEASE\1f9db5ff3a758102c0434cc3457aa47c50c39a4a\spring-expression-5.0.9.RELEASE.jar;C:\Users\tyree\.gradle\caches\modules-2\files-2.1\org.springframework\spring-core\5.0.9.RELEASE\9f9a828936d81afd49a603bda9cc1aed863a0d85\spring-core-5.0.9.RELEASE.jar;C:\Users\tyree\.gradle\caches\modules-2\files-2.1\org.xmlunit\xmlunit-core\2.5.1\4ffdb346572a7356f7521cd3119ce5287d2e339d\xmlunit-core-2.5.1.jar;C:\Users\tyree\.gradle\caches\modules-2\files-2.1\org.springframework.boot\spring-boot-starter-logging\2.0.5.RELEASE\c353e0b9591d0765c687ff0a678478cbebfd5c23\spring-boot-starter-logging-2.0.5.RELEASE.jar;C:\Users\tyree\.gradle\caches\modules-2\files-2.1\javax.annotation\javax.annotation-api\1.3.2\934c04d3cfef185a8008e7bf34331b79730a9d43\javax.annotation-api-1.3.2.jar;C:\Users\tyree\.gradle\caches\modules-2\files-2.1\org.yaml\snakeyaml\1.19\2d998d3d674b172a588e54ab619854d073f555b5\snakeyaml-1.19.jar;C:\Users\tyree\.gradle\caches\modules-2\files-2.1\com.fasterxml.jackson.datatype\jackson-datatype-jsr310\2.9.6\ea54f6193d224e5e5732bbd4262327eb465397c2\jackson-datatype-jsr310-2.9.6.jar;C:\Users\tyree\.gradle\caches\modules-2\files-2.1\com.fasterxml.jackson.datatype\jackson-datatype-jdk8\2.9.6\456895fc91bf7180b216fead220373e6278230c9\jackson-datatype-jdk8-2.9.6.jar;C:\Users\tyree\.gradle\caches\modules-2\files-2.1\com.fasterxml.jackson.module\jackson-module-parameter-names\2.9.6\129acd77a4b6ee30d62d3a0899b1344c8ec2bff8\jackson-module-parameter-names-2.9.6.jar;C:\Users\tyree\.gradle\caches\modules-2\files-2.1\com.netflix.eureka\eureka-core\1.9.3\8e134b576d2e55bd36b01d607eeea0e181f12150\eureka-core-1.9.3.jar;C:\Users\tyree\.gradle\caches\modules-2\files-2.1\com.netflix.eureka\eureka-client\1.9.3\9aa210eb20e2f9390e626d3e6b3dddef4d7ea8f1\eureka-client-1.9.3.jar;C:\Users\tyree\.gradle\caches\modules-2\files-2.1\com.netflix.ribbon\ribbon-httpclient\2.2.5\e2662937935d218f2c63105f6df39c3dfa0d06a1\ribbon-httpclient-2.2.5.jar;C:\Users\tyree\.gradle\caches\modules-2\files-2.1\com.netflix.ribbon\ribbon-transport\2.2.5\7c8e321322a98c72a36f4a81f84cafe21273c010\ribbon-transport-2.2.5.jar;C:\Users\tyree\.gradle\caches\modules-2\files-2.1\com.netflix.ribbon\ribbon-loadbalancer\2.2.5\5f713ef0b8d01580666face5e91d8c6af1daa468\ribbon-loadbalancer-2.2.5.jar;C:\Users\tyree\.gradle\caches\modules-2\files-2.1\com.netflix.ribbon\ribbon-core\2.2.5\80b6fe934799269073e69c5d7e67334459ef7e2e\ribbon-core-2.2.5.jar;C:\Users\tyree\.gradle\caches\modules-2\files-2.1\com.netflix.netflix-commons\netflix-eventbus\0.3.0\3f864adbe81f0849729fcbba3fe693c32be739ea\netflix-eventbus-0.3.0.jar;C:\Users\tyree\.gradle\caches\modules-2\files-2.1\com.netflix.archaius\archaius-core\0.7.6\be0c1024d08ad68ec25f9f32b0e9df1ab7ecb45b\archaius-core-0.7.6.jar;C:\Users\tyree\.gradle\caches\modules-2\files-2.1\com.fasterxml.jackson.dataformat\jackson-dataformat-xml\2.9.6\663f793fe2ae2a90e695eb0fbe3caa9c893634b6\jackson-dataformat-xml-2.9.6.jar;C:\Users\tyree\.gradle\caches\modules-2\files-2.1\com.fasterxml.jackson.module\jackson-module-afterburner\2.9.6\ced04832c2d8924a596de9f00894c7372ee93694\jackson-module-afterburner-2.9.6.jar;C:\Users\tyree\.gradle\caches\modules-2\files-2.1\com.amazonaws\aws-java-sdk-ec2\1.11.336\72113ebc397efd44a8911cccbfe0f6bcdb29392f\aws-java-sdk-ec2-1.11.336.jar;C:\Users\tyree\.gradle\caches\modules-2\files-2.1\com.amazonaws\aws-java-sdk-autoscaling\1.11.336\edf31451f288d342020f47579d620824f0883828\aws-java-sdk-autoscaling-1.11.336.jar;C:\Users\tyree\.gradle\caches\modules-2\files-2.1\com.amazonaws\aws-java-sdk-sts\1.11.336\dc2ddc387c60592aa35ed708ef1f52a25da75bbd\aws-java-sdk-sts-1.11.336.jar;C:\Users\tyree\.gradle\caches\modules-2\files-2.1\com.amazonaws\aws-java-sdk-route53\1.11.336\b2451cb26b457fdb9e5d418b14519d87d2279673\aws-java-sdk-route53-1.11.336.jar;C:\Users\tyree\.gradle\caches\modules-2\files-2.1\com.amazonaws\aws-java-sdk-core\1.11.336\843b0108a4a0d437182c3b155cda229d78c66c47\aws-java-sdk-core-1.11.336.jar;C:\Users\tyree\.gradle\caches\modules-2\files-2.1\com.fasterxml.jackson.module\jackson-module-jaxb-annotations\2.9.6\9a4641aa784374e36b0436b707507e52997ef91c\jackson-module-jaxb-annotations-2.9.6.jar;C:\Users\tyree\.gradle\caches\modules-2\files-2.1\com.amazonaws\jmespath-java\1.11.336\2ffaab56cec055a6e63aeb569d69fead74261dc5\jmespath-java-1.11.336.jar;C:\Users\tyree\.gradle\caches\modules-2\files-2.1\com.fasterxml.jackson.core\jackson-databind\2.9.6\cfa4f316351a91bfd95cb0644c6a2c95f52db1fc\jackson-databind-2.9.6.jar;C:\Users\tyree\.gradle\caches\modules-2\files-2.1\org.hdrhistogram\HdrHistogram\2.1.10\9e1ac84eed220281841b75e72fb9de5a297fbf04\HdrHistogram-2.1.10.jar;C:\Users\tyree\.gradle\caches\modules-2\files-2.1\org.latencyutils\LatencyUtils\2.0.3\769c0b82cb2421c8256300e907298a9410a2a3d3\LatencyUtils-2.0.3.jar;C:\Users\tyree\.gradle\caches\modules-2\files-2.1\org.aspectj\aspectjweaver\1.8.13\ad94df2a28d658a40dc27bbaff6a1ce5fbf04e9b\aspectjweaver-1.8.13.jar;C:\Users\tyree\.gradle\caches\modules-2\files-2.1\org.hibernate.common\hibernate-commons-annotations\5.0.1.Final\71e1cff3fcb20d3b3af4f3363c3ddb24d33c6879\hibernate-commons-annotations-5.0.1.Final.jar;C:\Users\tyree\.gradle\caches\modules-2\files-2.1\org.jboss.logging\jboss-logging\3.3.2.Final\3789d00e859632e6c6206adc0c71625559e6e3b0\jboss-logging-3.3.2.Final.jar;C:\Users\tyree\.gradle\caches\modules-2\files-2.1\org.hibernate.javax.persistence\hibernate-jpa-2.1-api\1.0.2.Final\52afb5762c704a6b586e27742470c08f91877fc1\hibernate-jpa-2.1-api-1.0.2.Final.jar;C:\Users\tyree\.gradle\caches\modules-2\files-2.1\org.javassist\javassist\3.22.0-GA\3e83394258ae2089be7219b971ec21a8288528ad\javassist-3.22.0-GA.jar;C:\Users\tyree\.gradle\caches\modules-2\files-2.1\com.netflix.netflix-commons\netflix-infix\0.3.0\acc65969f7367ddd2f1265e0cd7330509ed530dc\netflix-infix-0.3.0.jar;C:\Users\tyree\.gradle\caches\modules-2\files-2.1\org.antlr\antlr-runtime\3.4\8f011408269a8e42b8548687e137d8eeb56df4b4\antlr-runtime-3.4.jar;C:\Users\tyree\.gradle\caches\modules-2\files-2.1\org.antlr\stringtemplate\3.2.1\59ec8083721eae215c6f3caee944c410d2be34de\stringtemplate-3.2.1.jar;C:\Users\tyree\.gradle\caches\modules-2\files-2.1\antlr\antlr\2.7.7\83cd2cd674a217ade95a4bb83a8a14f351f48bd0\antlr-2.7.7.jar;C:\Users\tyree\.gradle\caches\modules-2\files-2.1\org.jboss\jandex\2.0.3.Final\bfc4d6257dbff7a33a357f0de116be6ff951d849\jandex-2.0.3.Final.jar;C:\Users\tyree\.gradle\caches\modules-2\files-2.1\com.fasterxml\classmate\1.3.4\3d5f48f10bbe4eb7bd862f10c0583be2e0053c6\classmate-1.3.4.jar;C:\Users\tyree\.gradle\caches\modules-2\files-2.1\dom4j\dom4j\1.6.1\5d3ccc056b6f056dbf0dddfdf43894b9065a8f94\dom4j-1.6.1.jar;C:\Users\tyree\.gradle\caches\modules-2\files-2.1\ch.qos.logback\logback-classic\1.2.3\7c4f3c474fb2c041d8028740440937705ebb473a\logback-classic-1.2.3.jar;C:\Users\tyree\.gradle\caches\modules-2\files-2.1\org.apache.logging.log4j\log4j-to-slf4j\2.10.0\f7e631ccf49cfc0aefa4a2a728da7d374c05bd3c\log4j-to-slf4j-2.10.0.jar;C:\Users\tyree\.gradle\caches\modules-2\files-2.1\org.slf4j\jul-to-slf4j\1.7.25\af5364cd6679bfffb114f0dec8a157aaa283b76\jul-to-slf4j-1.7.25.jar;C:\Users\tyree\.gradle\caches\modules-2\files-2.1\io.reactivex\rxnetty-servo\0.4.9\b7d6d6e132686c280f16710eaa3e90719f6808f8\rxnetty-servo-0.4.9.jar;C:\Users\tyree\.gradle\caches\modules-2\files-2.1\com.netflix.servo\servo-core\0.12.21\f56c3bf161217be98fbe4135adf8480590db9c37\servo-core-0.12.21.jar;C:\Users\tyree\.gradle\caches\modules-2\files-2.1\io.reactivex\rxnetty-contexts\0.4.9\6efe17a25602a5424c18ab975aa9c28b6d6b7f56\rxnetty-contexts-0.4.9.jar;C:\Users\tyree\.gradle\caches\modules-2\files-2.1\io.reactivex\rxnetty\0.4.9\5aff3c9d6bb9d9066c378bb3d2a4413ed1773bcf\rxnetty-0.4.9.jar;C:\Users\tyree\.gradle\caches\modules-2\files-2.1\com.netflix.netflix-commons\netflix-commons-util\0.3.0\8a6ffc41308c300197918eff3df1a7447ddaf468\netflix-commons-util-0.3.0.jar;C:\Users\tyree\.gradle\caches\modules-2\files-2.1\com.netflix.netflix-commons\netflix-statistics\0.1.1\12f6e48253f9cafa0e24d7d232ff504c52143212\netflix-statistics-0.1.1.jar;C:\Users\tyree\.gradle\caches\modules-2\files-2.1\org.slf4j\slf4j-api\1.7.25\da76ca59f6a57ee3102f8f9bd9cee742973efa8a\slf4j-api-1.7.25.jar;C:\Users\tyree\.gradle\caches\modules-2\files-2.1\org.apache.tomcat.embed\tomcat-embed-websocket\8.5.34\5f86906367c2540b21e6aeecc277d2ce9ec939b0\tomcat-embed-websocket-8.5.34.jar;C:\Users\tyree\.gradle\caches\modules-2\files-2.1\org.apache.tomcat.embed\tomcat-embed-core\8.5.34\a038040d68a90397f95dd1e11b979fe364a5000f\tomcat-embed-core-8.5.34.jar;C:\Users\tyree\.gradle\caches\modules-2\files-2.1\org.apache.tomcat.embed\tomcat-embed-el\8.5.34\be71a9a5bdd001db7cf97c47429eec0bdd3b7b88\tomcat-embed-el-8.5.34.jar;C:\Users\tyree\.gradle\caches\modules-2\files-2.1\javax.validation\validation-api\2.0.1.Final\cb855558e6271b1b32e716d24cb85c7f583ce09e\validation-api-2.0.1.Final.jar;C:\Users\tyree\.gradle\caches\modules-2\files-2.1\org.springframework.cloud\spring-cloud-context\2.0.1.RELEASE\a0d15068d4100c9a03c1e67f802c71007a933277\spring-cloud-context-2.0.1.RELEASE.jar;C:\Users\tyree\.gradle\caches\modules-2\files-2.1\org.springframework.security\spring-security-rsa\1.0.5.RELEASE\31bd1111ada2f455eb0f492ed09e39deda18ca99\spring-security-rsa-1.0.5.RELEASE.jar;C:\Users\tyree\.gradle\caches\modules-2\files-2.1\com.sun.jersey\jersey-servlet\1.19.1\d4e259cf85242c9905b6e5894f2cac803232f565\jersey-servlet-1.19.1.jar;C:\Users\tyree\.gradle\caches\modules-2\files-2.1\com.sun.jersey\jersey-server\1.19.1\1906bc869c8a4144d8e035c45a934929eb70ebb0\jersey-server-1.19.1.jar;C:\Users\tyree\.gradle\caches\modules-2\files-2.1\com.google.inject\guice\4.1.0\eeb69005da379a10071aa4948c48d89250febb07\guice-4.1.0.jar;C:\Users\tyree\.gradle\caches\modules-2\files-2.1\javax.inject\javax.inject\1\6975da39a7040257bd51d21a231b76c915872d38\javax.inject-1.jar;C:\Users\tyree\.gradle\caches\modules-2\files-2.1\com.thoughtworks.xstream\xstream\1.4.10\dfecae23647abc9d9fd0416629a4213a3882b101\xstream-1.4.10.jar;C:\Users\tyree\.gradle\caches\modules-2\files-2.1\org.springframework.cloud\spring-cloud-netflix-archaius\2.0.1.RELEASE\61f2e557d66e11c320189eaec11074b47c786f89\spring-cloud-netflix-archaius-2.0.1.RELEASE.jar;C:\Users\tyree\.gradle\caches\modules-2\files-2.1\commons-configuration\commons-configuration\1.8\6cce40435bcd8018018f16898de01976b319941a\commons-configuration-1.8.jar;C:\Users\tyree\.gradle\caches\modules-2\files-2.1\io.reactivex\rxjava\1.2.0\42bfaf64c94f3848ebf5cf1c2ea4ec9d1b3ac6c8\rxjava-1.2.0.jar;C:\Users\tyree\.gradle\caches\modules-2\files-2.1\com.fasterxml.jackson.dataformat\jackson-dataformat-cbor\2.9.6\2bf7323658396d1fd4d75fc1fc5126acbfc216ad\jackson-dataformat-cbor-2.9.6.jar;C:\Users\tyree\.gradle\caches\modules-2\files-2.1\com.fasterxml.jackson.core\jackson-core\2.9.6\4e393793c37c77e042ccc7be5a914ae39251b365\jackson-core-2.9.6.jar;C:\Users\tyree\.gradle\caches\modules-2\files-2.1\com.fasterxml.jackson.core\jackson-annotations\2.9.0\7c10d545325e3a6e72e06381afe469fd40eb701\jackson-annotations-2.9.0.jar;C:\Users\tyree\.gradle\caches\modules-2\files-2.1\org.apache.commons\commons-lang3\3.7\557edd918fd41f9260963583ebf5a61a43a6b423\commons-lang3-3.7.jar;C:\Users\tyree\.gradle\caches\modules-2\files-2.1\net.minidev\json-smart\2.3\7396407491352ce4fa30de92efb158adb76b5b\json-smart-2.3.jar;C:\Users\tyree\.gradle\caches\modules-2\files-2.1\net.minidev\accessors-smart\1.2\c592b500269bfde36096641b01238a8350f8aa31\accessors-smart-1.2.jar;C:\Users\tyree\.gradle\caches\modules-2\files-2.1\org.ow2.asm\asm\5.0.4\da08b8cce7bbf903602a25a3a163ae252435795\asm-5.0.4.jar;C:\Users\tyree\.gradle\caches\modules-2\files-2.1\com.google.guava\guava\19.0\6ce200f6b23222af3d8abb6b6459e6c44f4bb0e9\guava-19.0.jar;C:\Users\tyree\.gradle\caches\modules-2\files-2.1\org.reactivestreams\reactive-streams\1.0.2\323964c36556eb0e6209f65c1cef72b53b461ab8\reactive-streams-1.0.2.jar;C:\Users\tyree\.gradle\caches\modules-2\files-2.1\org.springframework.security\spring-security-jwt\1.0.9.RELEASE\3b060c3c397a7638b07c2a4850e03affd335097f\spring-security-jwt-1.0.9.RELEASE.jar;C:\Users\tyree\.gradle\caches\modules-2\files-2.1\org.springframework.security\spring-security-crypto\5.0.8.RELEASE\9492d390a7305dd5b509df6d25ac5591b4d206c2\spring-security-crypto-5.0.8.RELEASE.jar;C:\Users\tyree\.gradle\caches\modules-2\files-2.1\net.bytebuddy\byte-buddy\1.7.11\f02857a4e2c66ccbe7aaad6100a0a6c461bce9b3\byte-buddy-1.7.11.jar;C:\Users\tyree\.gradle\caches\modules-2\files-2.1\net.bytebuddy\byte-buddy-agent\1.7.11\b425a8933ca07edd03c6dbc8bc3b595fba9780de\byte-buddy-agent-1.7.
[...]
	at org.springframework.beans.factory.support.AbstractAutowireCapableBeanFactory.doCreateBean(AbstractAutowireCapableBeanFactory.java:535) [spring-beans-5.0.9.RELEASE.jar:5.0.9.RELEASE]
	at org.springframework.beans.factory.support.AbstractAutowireCapableBeanFactory.createBean(AbstractAutowireCapableBeanFactory.java:495) [spring-beans-5.0.9.RELEASE.jar:5.0.9.RELEASE]
	at org.springframework.beans.factory.support.AbstractBeanFactory.lambda$doGetBean$1(AbstractBeanFactory.java:353) [spring-beans-5.0.9.RELEASE.jar:5.0.9.RELEASE]
	at org.springframework.cloud.context.scope.GenericScope$BeanLifecycleWrapper.getBean(GenericScope.java:390) ~[spring-cloud-context-2.0.1.RELEASE.jar:2.0.1.RELEASE]
	at org.springframework.cloud.context.scope.GenericScope.get(GenericScope.java:184) ~[spring-cloud-context-2.0.1.RELEASE.jar:2.0.1.RELEASE]
	at org.springframework.beans.factory.support.AbstractBeanFactory.doGetBean(AbstractBeanFactory.java:350) [spring-beans-5.0.9.RELEASE.jar:5.0.9.RELEASE]
	at org.springframework.beans.factory.support.AbstractBeanFactory.getBean(AbstractBeanFactory.java:199) [spring-beans-5.0.9.RELEASE.jar:5.0.9.RELEASE]
	at org.springframework.aop.target.SimpleBeanTargetSource.getTarget(SimpleBeanTargetSource.java:35) ~[spring-aop-5.0.9.RELEASE.jar:5.0.9.RELEASE]
	at org.springframework.aop.framework.JdkDynamicAopProxy.invoke(JdkDynamicAopProxy.java:193) ~[spring-aop-5.0.9.RELEASE.jar:5.0.9.RELEASE]
	at com.sun.proxy.$Proxy122.getApplications(Unknown Source) ~[na:na]
	at org.springframework.cloud.netflix.eureka.server.EurekaServerAutoConfiguration.peerAwareInstanceRegistry(EurekaServerAutoConfiguration.java:164) ~[spring-cloud-netflix-eureka-server-2.0.1.RELEASE.jar:2.0.1.RELEASE]
	at org.springframework.cloud.netflix.eureka.server.EurekaServerAutoConfiguration$$EnhancerBySpringCGLIB$$7df95578.CGLIB$peerAwareInstanceRegistry$9(<generated>) ~[spring-cloud-netflix-eureka-server-2.0.1.RELEASE.jar:2.0.1.RELEASE]
	at org.springframework.cloud.netflix.eureka.server.EurekaServerAutoConfiguration$$EnhancerBySpringCGLIB$$7df95578$$FastClassBySpringCGLIB$$8d78f7e1.invoke(<generated>) ~[spring-cloud-netflix-eureka-server-2.0.1.RELEASE.jar:2.0.1.RELEASE]
	at org.springframework.cglib.proxy.MethodProxy.invokeSuper(MethodProxy.java:228) [spring-core-5.0.9.RELEASE.jar:5.0.9.RELEASE]
	at org.springframework.context.annotation.ConfigurationClassEnhancer$BeanMethodInterceptor.intercept(ConfigurationClassEnhancer.java:365) [spring-context-5.0.9.RELEASE.jar:5.0.9.RELEASE]
	at org.springframework.cloud.netflix.eureka.server.EurekaServerAutoConfiguration$$EnhancerBySpringCGLIB$$7df95578.peerAwareInstanceRegistry(<generated>) ~[spring-cloud-netflix-eureka-server-2.0.1.RELEASE.jar:2.0.1.RELEASE]
	at java.base/jdk.internal.reflect.NativeMethodAccessorImpl.invoke0(Native Method) ~[na:na]
	at java.base/jdk.internal.reflect.NativeMethodAccessorImpl.invoke(NativeMethodAccessorImpl.java:62) ~[na:na]
	at java.base/jdk.internal.reflect.DelegatingMethodAccessorImpl.invoke(DelegatingMethodAccessorImpl.java:43) ~[na:na]
	at java.base/java.lang.reflect.Method.invoke(Method.java:564) ~[na:na]
	at org.springframework.beans.factory.support.SimpleInstantiationStrategy.instantiate(SimpleInstantiationStrategy.java:154) [spring-beans-5.0.9.RELEASE.jar:5.0.9.RELEASE]
	at org.springframework.beans.factory.support.ConstructorResolver.instantiateUsingFactoryMethod(ConstructorResolver.java:582) [spring-beans-5.0.9.RELEASE.jar:5.0.9.RELEASE]
	at org.springframework.beans.factory.support.AbstractAutowireCapableBeanFactory.instantiateUsingFactoryMethod(AbstractAutowireCapableBeanFactory.java:1247) [spring-beans-5.0.9.RELEASE.jar:5.0.9.RELEASE]
	at org.springframework.beans.factory.support.AbstractAutowireCapableBeanFactory.createBeanInstance(AbstractAutowireCapableBeanFactory.java:1096) [spring-beans-5.0.9.RELEASE.jar:5.0.9.RELEASE]
	at org.springframework.beans.factory.support.AbstractAutowireCapableBeanFactory.doCreateBean(AbstractAutowireCapableBeanFactory.java:535) [spring-beans-5.0.9.RELEASE.jar:5.0.9.RELEASE]
	at org.springframework.beans.factory.support.AbstractAutowireCapableBeanFactory.createBean(AbstractAutowireCapableBeanFactory.java:495) [spring-beans-5.0.9.RELEASE.jar:5.0.9.RELEASE]
	at org.springframework.beans.factory.support.AbstractBeanFactory.lambda$doGetBean$0(AbstractBeanFactory.java:317) [spring-beans-5.0.9.RELEASE.jar:5.0.9.RELEASE]
	at org.springframework.beans.factory.support.DefaultSingletonBeanRegistry.getSingleton(DefaultSingletonBeanRegistry.java:222) ~[spring-beans-5.0.9.RELEASE.jar:5.0.9.RELEASE]
	at org.springframework.beans.factory.support.AbstractBeanFactory.doGetBean(AbstractBeanFactory.java:315) [spring-beans-5.0.9.RELEASE.jar:5.0.9.RELEASE]
	at org.springframework.beans.factory.support.AbstractBeanFactory.getBean(AbstractBeanFactory.java:199) [spring-beans-5.0.9.RELEASE.jar:5.0.9.RELEASE]
	at org.springframework.beans.factory.config.DependencyDescriptor.resolveCandidate(DependencyDescriptor.java:251) ~[spring-beans-5.0.9.RELEASE.jar:5.0.9.RELEASE]
	at org.springframework.beans.factory.support.DefaultListableBeanFactory.doResolveDependency(DefaultListableBeanFactory.java:1135) ~[spring-beans-5.0.9.RELEASE.jar:5.0.9.RELEASE]
	at org.springframework.beans.factory.support.DefaultListableBeanFactory.resolveDependency(DefaultListableBeanFactory.java:1062) ~[spring-beans-5.0.9.RELEASE.jar:5.0.9.RELEASE]
	at org.springframework.beans.factory.support.ConstructorResolver.resolveAutowiredArgument(ConstructorResolver.java:818) [spring-beans-5.0.9.RELEASE.jar:5.0.9.RELEASE]
	at org.springframework.beans.factory.support.ConstructorResolver.createArgumentArray(ConstructorResolver.java:724) [spring-beans-5.0.9.RELEASE.jar:5.0.9.RELEASE]
	at org.springframework.beans.factory.support.ConstructorResolver.instantiateUsingFactoryMethod(ConstructorResolver.java:474) [spring-beans-5.0.9.RELEASE.jar:5.0.9.RELEASE]
	at org.springframework.beans.factory.support.AbstractAutowireCapableBeanFactory.instantiateUsingFactoryMethod(AbstractAutowireCapableBeanFactory.java:1247) [spring-beans-5.0.9.RELEASE.jar:5.0.9.RELEASE]
	at org.springframework.beans.factory.support.AbstractAutowireCapableBeanFactory.createBeanInstance(AbstractAutowireCapableBeanFactory.java:1096) [spring-beans-5.0.9.RELEASE.jar:5.0.9.RELEASE]
	at org.springframework.beans.factory.support.AbstractAutowireCapableBeanFactory.doCreateBean(AbstractAutowireCapableBeanFactory.java:535) [spring-beans-5.0.9.RELEASE.jar:5.0.9.RELEASE]
	at org.springframework.beans.factory.support.AbstractAutowireCapableBeanFactory.createBean(AbstractAutowireCapableBeanFactory.java:495) [spring-beans-5.0.9.RELEASE.jar:5.0.9.RELEASE]
	at org.springframework.beans.factory.support.AbstractBeanFactory.lambda$doGetBean$0(AbstractBeanFactory.java:317) [spring-beans-5.0.9.RELEASE.jar:5.0.9.RELEASE]
	at org.springframework.beans.factory.support.DefaultSingletonBeanRegistry.getSingleton(DefaultSingletonBeanRegistry.java:222) ~[spring-beans-5.0.9.RELEASE.jar:5.0.9.RELEASE]
	at org.springframework.beans.factory.support.AbstractBeanFactory.doGetBean(AbstractBeanFactory.java:315) [spring-beans-5.0.9.RELEASE.jar:5.0.9.RELEASE]
	at org.springframework.beans.factory.support.AbstractBeanFactory.getBean(AbstractBeanFactory.java:199) [spring-beans-5.0.9.RELEASE.jar:5.0.9.RELEASE]
	at org.springframework.beans.factory.config.DependencyDescriptor.resolveCandidate(DependencyDescriptor.java:251) ~[spring-beans-5.0.9.RELEASE.jar:5.0.9.RELEASE]
	at org.springframework.beans.factory.support.DefaultListableBeanFactory.doResolveDependency(DefaultListableBeanFactory.java:1135) ~[spring-beans-5.0.9.RELEASE.jar:5.0.9.RELEASE]
	at org.springframework.beans.factory.support.DefaultListableBeanFactory.resolveDependency(DefaultListableBeanFactory.java:1062) ~[spring-beans-5.0.9.RELEASE.jar:5.0.9.RELEASE]
	at org.springframework.beans.factory.annotation.AutowiredAnnotationBeanPostProcessor$AutowiredFieldElement.inject(AutowiredAnnotationBeanPostProcessor.java:583) ~[spring-beans-5.0.9.RELEASE.jar:5.0.9.RELEASE]
	at org.springframework.beans.factory.annotation.InjectionMetadata.inject(InjectionMetadata.java:90) ~[spring-beans-5.0.9.RELEASE.jar:5.0.9.RELEASE]
	at org.springframework.beans.factory.annotation.AutowiredAnnotationBeanPostProcessor.postProcessPropertyValues(AutowiredAnnotationBeanPostProcessor.java:372) ~[spring-beans-5.0.9.RELEASE.jar:5.0.9.RELEASE]
	at org.springframework.beans.factory.support.AbstractAutowireCapableBeanFactory.populateBean(AbstractAutowireCapableBeanFactory.java:1341) [spring-beans-5.0.9.RELEASE.jar:5.0.9.RELEASE]
	at org.springframework.beans.factory.support.AbstractAutowireCapableBeanFactory.doCreateBean(AbstractAutowireCapableBeanFactory.java:572) [spring-beans-5.0.9.RELEASE.jar:5.0.9.RELEASE]
	at org.springframework.beans.factory.support.AbstractAutowireCapableBeanFactory.createBean(AbstractAutowireCapableBeanFactory.java:495) [spring-beans-5.0.9.RELEASE.jar:5.0.9.RELEASE]
	at org.springframework.beans.factory.support.AbstractBeanFactory.lambda$doGetBean$0(AbstractBeanFactory.java:317) [spring-beans-5.0.9.RELEASE.jar:5.0.9.RELEASE]
	at org.springframework.beans.factory.support.DefaultSingletonBeanRegistry.getSingleton(DefaultSingletonBeanRegistry.java:222) ~[spring-beans-5.0.9.RELEASE.jar:5.0.9.RELEASE]
	at org.springframework.beans.factory.support.AbstractBeanFactory.doGetBean(AbstractBeanFactory.java:315) [spring-beans-5.0.9.RELEASE.jar:5.0.9.RELEASE]
	at org.springframework.beans.factory.support.AbstractBeanFactory.getBean(AbstractBeanFactory.java:199) [spring-beans-5.0.9.RELEASE.jar:5.0.9.RELEASE]
	at org.springframework.beans.factory.support.DefaultListableBeanFactory.preInstantiateSingletons(DefaultListableBeanFactory.java:759) ~[spring-beans-5.0.9.RELEASE.jar:5.0.9.RELEASE]
	at org.springframework.context.support.AbstractApplicationContext.finishBeanFactoryInitialization(AbstractApplicationContext.java:869) ~[spring-context-5.0.9.RELEASE.jar:5.0.9.RELEASE]
	at org.springframework.context.support.AbstractApplicationContext.refresh(AbstractApplicationContext.java:550) ~[spring-context-5.0.9.RELEASE.jar:5.0.9.RELEASE]
	at org.springframework.boot.SpringApplication.refresh(SpringApplication.java:780) ~[spring-boot-2.0.5.RELEASE.jar:2.0.5.RELEASE]
	at org.springframework.boot.SpringApplication.refreshContext(SpringApplication.java:412) ~[spring-boot-2.0.5.RELEASE.jar:2.0.5.RELEASE]
	at org.springframework.boot.SpringApplication.run(SpringApplication.java:333) ~[spring-boot-2.0.5.RELEASE.jar:2.0.5.RELEASE]
	at org.springframework.boot.test.context.SpringBootContextLoader.loadContext(SpringBootContextLoader.java:139) ~[spring-boot-test-2.0.5.RELEASE.jar:2.0.5.RELEASE]
	at org.springframework.test.context.cache.DefaultCacheAwareContextLoaderDelegate.loadContextInternal(DefaultCacheAwareContextLoaderDelegate.java:99) ~[spring-test-5.0.9.RELEASE.jar:5.0.9.RELEASE]
	at org.springframework.test.context.cache.DefaultCacheAwareContextLoaderDelegate.loadContext(DefaultCacheAwareContextLoaderDelegate.java:117) ~[spring-test-5.0.9.RELEASE.jar:5.0.9.RELEASE]
	at org.springframework.test.context.support.DefaultTestContext.getApplicationContext(DefaultTestContext.java:108) ~[spring-test-5.0.9.RELEASE.jar:5.0.9.RELEASE]
	at org.springframework.test.context.web.ServletTestExecutionListener.setUpRequestContextIfNecessary(ServletTestExecutionListener.java:190) ~[spring-test-5.0.9.RELEASE.jar:5.0.9.RELEASE]
	at org.springframework.test.context.web.ServletTestExecutionListener.prepareTestInstance(ServletTestExecutionListener.java:132) ~[spring-test-5.0.9.RELEASE.jar:5.0.9.RELEASE]
	at org.springframework.test.context.TestContextManager.prepareTestInstance(TestContextManager.java:246) ~[spring-test-5.0.9.RELEASE.jar:5.0.9.RELEASE]
	at org.springframework.test.context.junit4.SpringJUnit4ClassRunner.createTest(SpringJUnit4ClassRunner.java:227) ~[spring-test-5.0.9.RELEASE.jar:5.0.9.RELEASE]
	at org.springframework.test.context.junit4.SpringJUnit4ClassRunner$1.runReflectiveCall(SpringJUnit4ClassRunner.java:289) ~[spring-test-5.0.9.RELEASE.jar:5.0.9.RELEASE]
	at org.junit.internal.runners.model.ReflectiveCallable.run(ReflectiveCallable.java:12) ~[junit-4.12.jar:4.12]
	at org.springframework.test.context.junit4.SpringJUnit4ClassRunner.methodBlock(SpringJUnit4ClassRunner.java:291) ~[spring-test-5.0.9.RELEASE.jar:5.0.9.RELEASE]
	at org.springframework.test.context.junit4.SpringJUnit4ClassRunner.runChild(SpringJUnit4ClassRunner.java:246) ~[spring-test-5.0.9.RELEASE.jar:5.0.9.RELEASE]
	at org.springframework.test.context.junit4.SpringJUnit4ClassRunner.runChild(SpringJUnit4ClassRunner.java:97) ~[spring-test-5.0.9.RELEASE.jar:5.0.9.RELEASE]
	at org.junit.runners.ParentRunner$3.run(ParentRunner.java:290) ~[junit-4.12.jar:4.12]
	at org.junit.runners.ParentRunner$1.schedule(ParentRunner.java:71) ~[junit-4.12.jar:4.12]
	at org.junit.runners.ParentRunner.runChildren(ParentRunner.java:288) ~[junit-4.12.jar:4.12]
	at org.junit.runners.ParentRunner.access$000(ParentRunner.java:58) ~[junit-4.12.jar:4.12]
	at org.junit.runners.ParentRunner$2.evaluate(ParentRunner.java:268) ~[junit-4.12.jar:4.12]
	at org.springframework.test.context.junit4.statements.RunBeforeTestClassCallbacks.evaluate(RunBeforeTestClassCallbacks.java:61) ~[spring-test-5.0.9.RELEASE.jar:5.0.9.RELEASE]
	at org.springframework.test.context.junit4.statements.RunAfterTestClassCallbacks.evaluate(RunAfterTestClassCallbacks.java:70) ~[spring-test-5.0.9.RELEASE.jar:5.0.9.RELEASE]
	at org.junit.runners.ParentRunner.run(ParentRunner.java:363) ~[junit-4.12.jar:4.12]
	at org.springframework.test.context.junit4.SpringJUnit4ClassRunner.run(SpringJUnit4ClassRunner.java:190) ~[spring-test-5.0.9.RELEASE.jar:5.0.9.RELEASE]
	at org.gradle.api.internal.tasks.testing.junit.JUnitTestClassExecutor.runTestClass(JUnitTestClassExecutor.java:106) ~[na:na]
	at org.gradle.api.internal.tasks.testing.junit.JUnitTestClassExecutor.execute(JUnitTestClassExecutor.java:58) ~[na:na]
	at org.gradle.api.internal.tasks.testing.junit.JUnitTestClassExecutor.execute(JUnitTestClassExecutor.java:38) ~[na:na]
	at org.gradle.api.internal.tasks.testing.junit.AbstractJUnitTestClassProcessor.processTestClass(AbstractJUnitTestClassProcessor.java:66) ~[na:na]
	at org.gradle.api.internal.tasks.testing.SuiteTestClassProcessor.processTestClass(SuiteTestClassProcessor.java:51) ~[na:na]
	at java.base/jdk.internal.reflect.NativeMethodAccessorImpl.invoke0(Native Method) ~[na:na]
	at java.base/jdk.internal.reflect.NativeMethodAccessorImpl.invoke(NativeMethodAccessorImpl.java:62) ~[na:na]
	at java.base/jdk.internal.reflect.DelegatingMethodAccessorImpl.invoke(DelegatingMethodAccessorImpl.java:43) ~[na:na]
	at java.base/java.lang.reflect.Method.invoke(Method.java:564) ~[na:na]
	at org.gradle.internal.dispatch.ReflectionDispatch.dispatch(ReflectionDispatch.java:35) ~[na:na]
	at org.gradle.internal.dispatch.ReflectionDispatch.dispatch(ReflectionDispatch.java:24) ~[na:na]
	at org.gradle.internal.dispatch.ContextClassLoaderDispatch.dispatch(ContextClassLoaderDispatch.java:32) ~[na:na]
	at org.gradle.internal.dispatch.ProxyDispatchAdapter$DispatchingInvocationHandler.invoke(ProxyDispatchAdapter.java:93) ~[na:na]
	at com.sun.proxy.$Proxy1.processTestClass(Unknown Source) ~[na:na]
	at org.gradle.api.internal.tasks.testing.worker.TestWorker.processTestClass(TestWorker.java:109) ~[na:na]
	at java.base/jdk.internal.reflect.NativeMethodAccessorImpl.invoke0(Native Method) ~[na:na]
	at java.base/jdk.internal.reflect.NativeMethodAccessorImpl.invoke(NativeMethodAccessorImpl.java:62) ~[na:na]
	at java.base/jdk.internal.reflect.DelegatingMethodAccessorImpl.invoke(DelegatingMethodAccessorImpl.java:43) ~[na:na]
	at java.base/java.lang.reflect.Method.invoke(Method.java:564) ~[na:na]
	at org.gradle.internal.dispatch.ReflectionDispatch.dispatch(ReflectionDispatch.java:35) ~[na:na]
	at org.gradle.internal.dispatch.ReflectionDispatch.dispatch(ReflectionDispatch.java:24) ~[na:na]
	at org.gradle.internal.remote.internal.hub.MessageHubBackedObjectConnection$DispatchWrapper.dispatch(MessageHubBackedObjectConnection.java:155) ~[na:na]
	at org.gradle.internal.remote.internal.hub.MessageHubBackedObjectConnection$DispatchWrapper.dispatch(MessageHubBackedObjectConnection.java:137) ~[na:na]
	at org.gradle.internal.remote.internal.hub.MessageHub$Handler.run(MessageHub.java:404) ~[na:na]
	at org.gradle.internal.concurrent.ExecutorPolicy$CatchAndRecordFailures.onExecute(ExecutorPolicy.java:63) ~[na:na]
	at org.gradle.internal.concurrent.ManagedExecutorImpl$1.run(ManagedExecutorImpl.java:46) ~[na:na]
	at java.base/java.util.concurrent.ThreadPoolExecutor.runWorker(ThreadPoolExecutor.java:1135) ~[na:na]
	at java.base/java.util.concurrent.ThreadPoolExecutor$Worker.run(ThreadPoolExecutor.java:635) ~[na:na]
	at org.gradle.internal.concurrent.ThreadFactoryImpl$ManagedThreadRunnable.run(ThreadFactoryImpl.java:55) ~[na:na]
	at java.base/java.lang.Thread.run(Thread.java:844) ~[na:na]

2018-09-16 13:55:12.591  WARN 8068 --- [    Test worker] com.netflix.discovery.DiscoveryClient    : Using default backup registry implementation which does not do anything.
2018-09-16 13:55:12.591  INFO 8068 --- [    Test worker] com.netflix.discovery.DiscoveryClient    : Starting heartbeat executor: renew interval is: 30
2018-09-16 13:55:12.591  INFO 8068 --- [    Test worker] c.n.discovery.InstanceInfoReplicator     : InstanceInfoReplicator onDemand update allowed rate per min is 4
2018-09-16 13:55:12.606  INFO 8068 --- [    Test worker] com.netflix.discovery.DiscoveryClient    : Discovery Client initialized at timestamp 1537124112606 with initial instances count: 0
2018-09-16 13:55:12.653  INFO 8068 --- [    Test worker] c.n.eureka.DefaultEurekaServerContext    : Initializing ...
2018-09-16 13:55:12.653  INFO 8068 --- [    Test worker] c.n.eureka.cluster.PeerEurekaNodes       : Adding new peer nodes [http://localhost:-1/eureka/]
2018-09-16 13:55:12.653  INFO 8068 --- [    Test worker] c.n.d.provider.DiscoveryJerseyProvider   : Using JSON encoding codec LegacyJacksonJson
2018-09-16 13:55:12.653  INFO 8068 --- [    Test worker] c.n.d.provider.DiscoveryJerseyProvider   : Using JSON decoding codec LegacyJacksonJson
2018-09-16 13:55:12.653  INFO 8068 --- [    Test worker] c.n.d.provider.DiscoveryJerseyProvider   : Using XML encoding codec XStreamXml
2018-09-16 13:55:12.653  INFO 8068 --- [    Test worker] c.n.d.provider.DiscoveryJerseyProvider   : Using XML decoding codec XStreamXml
2018-09-16 13:55:12.731  INFO 8068 --- [    Test worker] c.n.eureka.cluster.PeerEurekaNodes       : Replica node URL:  http://localhost:-1/eureka/
2018-09-16 13:55:12.747  INFO 8068 --- [    Test worker] c.n.e.registry.AbstractInstanceRegistry  : Finished initializing remote region registries. All known remote regions: []
2018-09-16 13:55:12.747  INFO 8068 --- [    Test worker] c.n.eureka.DefaultEurekaServerContext    : Initialized
2018-09-16 13:55:12.949  INFO 8068 --- [    Test worker] o.s.c.support.DefaultLifecycleProcessor  : Starting beans in phase 0
2018-09-16 13:55:12.955  INFO 8068 --- [      Thread-15] o.s.c.n.e.server.EurekaServerBootstrap   : Setting the eureka configuration..
2018-09-16 13:55:12.956  INFO 8068 --- [      Thread-15] o.s.c.n.e.server.EurekaServerBootstrap   : Eureka data center value eureka.datacenter is not set, defaulting to default
2018-09-16 13:55:12.956  INFO 8068 --- [      Thread-15] o.s.c.n.e.server.EurekaServerBootstrap   : Eureka environment value eureka.environment is not set, defaulting to test
2018-09-16 13:55:12.963  INFO 8068 --- [      Thread-15] o.s.c.n.e.server.EurekaServerBootstrap   : isAws returned false
2018-09-16 13:55:12.963  INFO 8068 --- [      Thread-15] o.s.c.n.e.server.EurekaServerBootstrap   : Initialized server context
2018-09-16 13:55:12.963  INFO 8068 --- [    Test worker] countAddressMicroserviceApplicationTests : Started AccountAddressMicroserviceApplicationTests in 6.898 seconds (JVM running for 8.073)
]]></system-out>
  <system-err><![CDATA[]]></system-err>
</testsuite>
